<?xml version="1.0" ?>
<testsuites failures="342" errors="0" tests="668" disabled="0" time="0.0">
	<testsuite name="com.neotys.TRANSACTION.PerRun.BrowserUser_Create_report" disabled="0" failures="1" errors="0" skipped="0" time="0" tests="1">
		<testcase name="error-rate" classname="com.neotys.TRANSACTION.PerRun.BrowserUser_Create_report">
			<failure type="NeoLoad SLA" message="SLA failed">Container: submit&lt;br/&gt;Path: User Paths &gt; BrowserUser_Create_report &gt; Init &gt; Try &gt; submit&lt;br/&gt;Virtual User: BrowserUser_Create_report&lt;br/&gt;SLA Profile: TRANSACTION&lt;br/&gt;SLA Type: Per Run&lt;br/&gt;FAILED Type: error-rate&lt;br/&gt;Project: Sample_Project&lt;br/&gt;Scenario: WANImpact Local&lt;br/&gt;&lt;br/&gt;FAILED&lt;br/&gt;description: if the error-rate   then fail&lt;br/&gt;&lt;br/&gt;Results: &lt;br/&gt;&lt;br/&gt;error-rate=6.097561%&lt;br/&gt;&lt;br/&gt;Created N/A&lt;br/&gt;</failure>
		</testcase>
	</testsuite>
	<testsuite name="com.neotys.REQUEST.PerRun.BrowserUser_Create_report" disabled="0" failures="1" errors="0" skipped="0" time="0" tests="1">
		<testcase name="error-rate" classname="com.neotys.REQUEST.PerRun.BrowserUser_Create_report">
			<failure type="NeoLoad SLA" message="SLA failed">Container: /themes/default/images/page-bg.jpgdqfdsf&lt;br/&gt;Path: User Paths &gt; BrowserUser_Create_report &gt; Init &gt; /themes/default/images/page-bg.jpg &gt; /themes/default/images/page-bg.jpgdqfdsf&lt;br/&gt;Virtual User: BrowserUser_Create_report&lt;br/&gt;SLA Profile: REQUEST&lt;br/&gt;SLA Type: Per Run&lt;br/&gt;FAILED Type: error-rate&lt;br/&gt;Project: Sample_Project&lt;br/&gt;Scenario: WANImpact Local&lt;br/&gt;&lt;br/&gt;FAILED&lt;br/&gt;description: if the error-rate   then fail&lt;br/&gt;&lt;br/&gt;Results: &lt;br/&gt;&lt;br/&gt;error-rate=100.0%&lt;br/&gt;&lt;br/&gt;Created N/A&lt;br/&gt;</failure>
		</testcase>
	</testsuite>
	<testsuite name="com.neotys.PAGE.PerRun.BrowserUser_Create_report" disabled="0" failures="1" errors="0" skipped="0" time="0" tests="1">
		<testcase name="error-rate" classname="com.neotys.PAGE.PerRun.BrowserUser_Create_report">
			<failure type="NeoLoad SLA" message="SLA failed">Container: /themes/default/images/page-bg.jpg&lt;br/&gt;Path: User Paths &gt; BrowserUser_Create_report &gt; Init &gt; Home_1 &gt; /themes/default/images/page-bg.jpg&lt;br/&gt;Virtual User: BrowserUser_Create_report&lt;br/&gt;SLA Profile: PAGE&lt;br/&gt;SLA Type: Per Run&lt;br/&gt;FAILED Type: error-rate&lt;br/&gt;Project: Sample_Project&lt;br/&gt;Scenario: WANImpact Local&lt;br/&gt;&lt;br/&gt;FAILED&lt;br/&gt;description: if the error-rate   then fail&lt;br/&gt;&lt;br/&gt;Results: &lt;br/&gt;&lt;br/&gt;error-rate=100.0%&lt;br/&gt;&lt;br/&gt;Created N/A&lt;br/&gt;</failure>
		</testcase>
	</testsuite>
	<testsuite name="com.neotys.TRANSACTION.PerRun.BrowserUser_Create_report" disabled="0" failures="1" errors="0" skipped="0" time="0" tests="1">
		<testcase name="error-rate" classname="com.neotys.TRANSACTION.PerRun.BrowserUser_Create_report">
			<failure type="NeoLoad SLA" message="SLA failed">Container: Home_1&lt;br/&gt;Path: User Paths &gt; BrowserUser_Create_report &gt; Init &gt; Actions &gt; Home_1&lt;br/&gt;Virtual User: BrowserUser_Create_report&lt;br/&gt;SLA Profile: TRANSACTION&lt;br/&gt;SLA Type: Per Run&lt;br/&gt;FAILED Type: error-rate&lt;br/&gt;Project: Sample_Project&lt;br/&gt;Scenario: WANImpact Local&lt;br/&gt;&lt;br/&gt;FAILED&lt;br/&gt;description: if the error-rate   then fail&lt;br/&gt;&lt;br/&gt;Results: &lt;br/&gt;&lt;br/&gt;error-rate=100.0%&lt;br/&gt;&lt;br/&gt;Created N/A&lt;br/&gt;</failure>
		</testcase>
	</testsuite>
	<testsuite name="com.neotys.REQUEST.PerRun.BrowserUser_Create_report" disabled="0" failures="1" errors="0" skipped="0" time="0" tests="1">
		<testcase name="error-rate" classname="com.neotys.REQUEST.PerRun.BrowserUser_Create_report">
			<failure type="NeoLoad SLA" message="SLA failed">Container: /reports/thanks&lt;br/&gt;Path: User Paths &gt; BrowserUser_Create_report &gt; Init &gt; /reports/submit &gt; /reports/thanks&lt;br/&gt;Virtual User: BrowserUser_Create_report&lt;br/&gt;SLA Profile: REQUEST&lt;br/&gt;SLA Type: Per Run&lt;br/&gt;FAILED Type: error-rate&lt;br/&gt;Project: Sample_Project&lt;br/&gt;Scenario: WANImpact Local&lt;br/&gt;&lt;br/&gt;FAILED&lt;br/&gt;description: if the error-rate   then fail&lt;br/&gt;&lt;br/&gt;Results: &lt;br/&gt;&lt;br/&gt;error-rate=6.097561%&lt;br/&gt;&lt;br/&gt;Created N/A&lt;br/&gt;</failure>
		</testcase>
	</testsuite>
	<testsuite name="com.neotys.PAGE.PerRun.BrowserUser_Create_report" disabled="0" failures="1" errors="0" skipped="0" time="0" tests="1">
		<testcase name="error-rate" classname="com.neotys.PAGE.PerRun.BrowserUser_Create_report">
			<failure type="NeoLoad SLA" message="SLA failed">Container: /reports/submit&lt;br/&gt;Path: User Paths &gt; BrowserUser_Create_report &gt; Init &gt; submit &gt; /reports/submit&lt;br/&gt;Virtual User: BrowserUser_Create_report&lt;br/&gt;SLA Profile: PAGE&lt;br/&gt;SLA Type: Per Run&lt;br/&gt;FAILED Type: error-rate&lt;br/&gt;Project: Sample_Project&lt;br/&gt;Scenario: WANImpact Local&lt;br/&gt;&lt;br/&gt;FAILED&lt;br/&gt;description: if the error-rate   then fail&lt;br/&gt;&lt;br/&gt;Results: &lt;br/&gt;&lt;br/&gt;error-rate=6.097561%&lt;br/&gt;&lt;br/&gt;Created N/A&lt;br/&gt;</failure>
		</testcase>
	</testsuite>
	<testsuite name="com.neotys.REQUEST.PerRun.BrowserUser_Create_report" disabled="0" failures="1" errors="0" skipped="0" time="0" tests="1">
		<testcase name="avg-request-per-sec" classname="com.neotys.REQUEST.PerRun.BrowserUser_Create_report">
			<failure type="NeoLoad SLA" message="SLA failed">Container: /media/js/jquery.pngFix.pack.js&lt;br/&gt;Path: User Paths &gt; BrowserUser_Create_report &gt; Init &gt; / &gt; /media/js/jquery.pngFix.pack.js&lt;br/&gt;Virtual User: BrowserUser_Create_report&lt;br/&gt;SLA Profile: REQUEST&lt;br/&gt;SLA Type: Per Run&lt;br/&gt;WARNING Type: avg-request-per-sec&lt;br/&gt;Project: Sample_Project&lt;br/&gt;Scenario: WANImpact Local&lt;br/&gt;&lt;br/&gt;WARNING&lt;br/&gt;description: if the avg-request-per-sec   then fail&lt;br/&gt;&lt;br/&gt;Results: &lt;br/&gt;&lt;br/&gt;avg-request-per-sec=12.056263%&lt;br/&gt;&lt;br/&gt;Created N/A&lt;br/&gt;</failure>
		</testcase>
	</testsuite>
	<testsuite name="com.neotys.REQUEST.PerRun.BrowserUser_Create_report" disabled="0" failures="1" errors="0" skipped="0" time="0" tests="1">
		<testcase name="avg-request-per-sec" classname="com.neotys.REQUEST.PerRun.BrowserUser_Create_report">
			<failure type="NeoLoad SLA" message="SLA failed">Container: /themes/default/images/icons/twitter.png&lt;br/&gt;Path: User Paths &gt; BrowserUser_Create_report &gt; Init &gt; /reports &gt; /themes/default/images/icons/twitter.png&lt;br/&gt;Virtual User: BrowserUser_Create_report&lt;br/&gt;SLA Profile: REQUEST&lt;br/&gt;SLA Type: Per Run&lt;br/&gt;WARNING Type: avg-request-per-sec&lt;br/&gt;Project: Sample_Project&lt;br/&gt;Scenario: WANImpact Local&lt;br/&gt;&lt;br/&gt;WARNING&lt;br/&gt;description: if the avg-request-per-sec   then fail&lt;br/&gt;&lt;br/&gt;Results: &lt;br/&gt;&lt;br/&gt;avg-request-per-sec=12.0181055%&lt;br/&gt;&lt;br/&gt;Created N/A&lt;br/&gt;</failure>
		</testcase>
	</testsuite>
	<testsuite name="com.neotys.REQUEST.PerRun.BrowserUser_Create_report" disabled="0" failures="1" errors="0" skipped="0" time="0" tests="1">
		<testcase name="avg-request-per-sec" classname="com.neotys.REQUEST.PerRun.BrowserUser_Create_report">
			<failure type="NeoLoad SLA" message="SLA failed">Container: /&lt;br/&gt;Path: User Paths &gt; BrowserUser_Create_report &gt; Init &gt; / &gt; /&lt;br/&gt;Virtual User: BrowserUser_Create_report&lt;br/&gt;SLA Profile: REQUEST&lt;br/&gt;SLA Type: Per Run&lt;br/&gt;WARNING Type: avg-request-per-sec&lt;br/&gt;Project: Sample_Project&lt;br/&gt;Scenario: WANImpact Local&lt;br/&gt;&lt;br/&gt;WARNING&lt;br/&gt;description: if the avg-request-per-sec   then fail&lt;br/&gt;&lt;br/&gt;Results: &lt;br/&gt;&lt;br/&gt;avg-request-per-sec=12.573344%&lt;br/&gt;&lt;br/&gt;Created N/A&lt;br/&gt;</failure>
		</testcase>
	</testsuite>
	<testsuite name="com.neotys.REQUEST.PerRun.BrowserUser_Create_report" disabled="0" failures="1" errors="0" skipped="0" time="0" tests="1">
		<testcase name="avg-request-per-sec" classname="com.neotys.REQUEST.PerRun.BrowserUser_Create_report">
			<failure type="NeoLoad SLA" message="SLA failed">Container: /scheduler&lt;br/&gt;Path: User Paths &gt; BrowserUser_Create_report &gt; Init &gt; /media/img/icon-calendar.gif &gt; /scheduler&lt;br/&gt;Virtual User: BrowserUser_Create_report&lt;br/&gt;SLA Profile: REQUEST&lt;br/&gt;SLA Type: Per Run&lt;br/&gt;WARNING Type: avg-request-per-sec&lt;br/&gt;Project: Sample_Project&lt;br/&gt;Scenario: WANImpact Local&lt;br/&gt;&lt;br/&gt;WARNING&lt;br/&gt;description: if the avg-request-per-sec   then fail&lt;br/&gt;&lt;br/&gt;Results: &lt;br/&gt;&lt;br/&gt;avg-request-per-sec=10.84991%&lt;br/&gt;&lt;br/&gt;Created N/A&lt;br/&gt;</failure>
		</testcase>
	</testsuite>
	<testsuite name="com.neotys.REQUEST.PerRun.BrowserUser_Create_report" disabled="0" failures="1" errors="0" skipped="0" time="0" tests="1">
		<testcase name="avg-request-per-sec" classname="com.neotys.REQUEST.PerRun.BrowserUser_Create_report">
			<failure type="NeoLoad SLA" message="SLA failed">Container: /media/css/openlayers.css&lt;br/&gt;Path: User Paths &gt; BrowserUser_Create_report &gt; Init &gt; / &gt; /media/css/openlayers.css&lt;br/&gt;Virtual User: BrowserUser_Create_report&lt;br/&gt;SLA Profile: REQUEST&lt;br/&gt;SLA Type: Per Run&lt;br/&gt;WARNING Type: avg-request-per-sec&lt;br/&gt;Project: Sample_Project&lt;br/&gt;Scenario: WANImpact Local&lt;br/&gt;&lt;br/&gt;WARNING&lt;br/&gt;description: if the avg-request-per-sec   then fail&lt;br/&gt;&lt;br/&gt;Results: &lt;br/&gt;&lt;br/&gt;avg-request-per-sec=20.996769%&lt;br/&gt;&lt;br/&gt;Created N/A&lt;br/&gt;</failure>
		</testcase>
	</testsuite>
	<testsuite name="com.neotys.REQUEST.PerRun.BrowserUser_Create_report" disabled="0" failures="1" errors="0" skipped="0" time="0" tests="1">
		<testcase name="avg-request-per-sec" classname="com.neotys.REQUEST.PerRun.BrowserUser_Create_report">
			<failure type="NeoLoad SLA" message="SLA failed">Container: /themes/default/images/icons/images.png&lt;br/&gt;Path: User Paths &gt; BrowserUser_Create_report &gt; Init &gt; /reports &gt; /themes/default/images/icons/images.png&lt;br/&gt;Virtual User: BrowserUser_Create_report&lt;br/&gt;SLA Profile: REQUEST&lt;br/&gt;SLA Type: Per Run&lt;br/&gt;WARNING Type: avg-request-per-sec&lt;br/&gt;Project: Sample_Project&lt;br/&gt;Scenario: WANImpact Local&lt;br/&gt;&lt;br/&gt;WARNING&lt;br/&gt;description: if the avg-request-per-sec   then fail&lt;br/&gt;&lt;br/&gt;Results: &lt;br/&gt;&lt;br/&gt;avg-request-per-sec=12.341722%&lt;br/&gt;&lt;br/&gt;Created N/A&lt;br/&gt;</failure>
		</testcase>
	</testsuite>
	<testsuite name="com.neotys.PAGE.PerRun.BrowserUser_Create_report" disabled="0" failures="1" errors="0" skipped="0" time="0" tests="1">
		<testcase name="avg-page-resp-time" classname="com.neotys.PAGE.PerRun.BrowserUser_Create_report">
			<failure type="NeoLoad SLA" message="SLA failed">Container: /media/img/icon-calendar.gif&lt;br/&gt;Path: User Paths &gt; BrowserUser_Create_report &gt; Init &gt; submit report &gt; /media/img/icon-calendar.gif&lt;br/&gt;Virtual User: BrowserUser_Create_report&lt;br/&gt;SLA Profile: PAGE&lt;br/&gt;SLA Type: Per Run&lt;br/&gt;WARNING Type: avg-page-resp-time&lt;br/&gt;Project: Sample_Project&lt;br/&gt;Scenario: WANImpact Local&lt;br/&gt;&lt;br/&gt;WARNING&lt;br/&gt;description: if the avg-page-resp-time   then fail&lt;br/&gt;&lt;br/&gt;Results: &lt;br/&gt;&lt;br/&gt;avg-page-resp-time=0.7076191%&lt;br/&gt;&lt;br/&gt;Created N/A&lt;br/&gt;</failure>
		</testcase>
	</testsuite>
	<testsuite name="com.neotys.REQUEST.PerRun.BrowserUser_Create_report" disabled="0" failures="1" errors="0" skipped="0" time="0" tests="1">
		<testcase name="avg-request-per-sec" classname="com.neotys.REQUEST.PerRun.BrowserUser_Create_report">
			<failure type="NeoLoad SLA" message="SLA failed">Container: /media/uploads/banner_1437742016.png&lt;br/&gt;Path: User Paths &gt; BrowserUser_Create_report &gt; Init &gt; / &gt; /media/uploads/banner_1437742016.png&lt;br/&gt;Virtual User: BrowserUser_Create_report&lt;br/&gt;SLA Profile: REQUEST&lt;br/&gt;SLA Type: Per Run&lt;br/&gt;WARNING Type: avg-request-per-sec&lt;br/&gt;Project: Sample_Project&lt;br/&gt;Scenario: WANImpact Local&lt;br/&gt;&lt;br/&gt;WARNING&lt;br/&gt;description: if the avg-request-per-sec   then fail&lt;br/&gt;&lt;br/&gt;Results: &lt;br/&gt;&lt;br/&gt;avg-request-per-sec=4.143332%&lt;br/&gt;&lt;br/&gt;Created N/A&lt;br/&gt;</failure>
		</testcase>
	</testsuite>
	<testsuite name="com.neotys.REQUEST.PerRun.BrowserUser_Create_report" disabled="0" failures="1" errors="0" skipped="0" time="0" tests="1">
		<testcase name="avg-request-resp-time" classname="com.neotys.REQUEST.PerRun.BrowserUser_Create_report">
			<failure type="NeoLoad SLA" message="SLA failed">Container: /media/uploads/banner_1437742016.png&lt;br/&gt;Path: User Paths &gt; BrowserUser_Create_report &gt; Init &gt; / &gt; /media/uploads/banner_1437742016.png&lt;br/&gt;Virtual User: BrowserUser_Create_report&lt;br/&gt;SLA Profile: REQUEST&lt;br/&gt;SLA Type: Per Run&lt;br/&gt;WARNING Type: avg-request-resp-time&lt;br/&gt;Project: Sample_Project&lt;br/&gt;Scenario: WANImpact Local&lt;br/&gt;&lt;br/&gt;WARNING&lt;br/&gt;description: if the avg-request-resp-time   then fail&lt;br/&gt;&lt;br/&gt;Results: &lt;br/&gt;&lt;br/&gt;avg-request-resp-time=0.24135165%&lt;br/&gt;&lt;br/&gt;Created N/A&lt;br/&gt;</failure>
		</testcase>
	</testsuite>
	<testsuite name="com.neotys.REQUEST.PerRun.BrowserUser_Create_report" disabled="0" failures="1" errors="0" skipped="0" time="0" tests="1">
		<testcase name="avg-request-per-sec" classname="com.neotys.REQUEST.PerRun.BrowserUser_Create_report">
			<failure type="NeoLoad SLA" message="SLA failed">Container: /media/js/global.js&lt;br/&gt;Path: User Paths &gt; BrowserUser_Create_report &gt; Init &gt; / &gt; /media/js/global.js&lt;br/&gt;Virtual User: BrowserUser_Create_report&lt;br/&gt;SLA Profile: REQUEST&lt;br/&gt;SLA Type: Per Run&lt;br/&gt;WARNING Type: avg-request-per-sec&lt;br/&gt;Project: Sample_Project&lt;br/&gt;Scenario: WANImpact Local&lt;br/&gt;&lt;br/&gt;WARNING&lt;br/&gt;description: if the avg-request-per-sec   then fail&lt;br/&gt;&lt;br/&gt;Results: &lt;br/&gt;&lt;br/&gt;avg-request-per-sec=8.973474%&lt;br/&gt;&lt;br/&gt;Created N/A&lt;br/&gt;</failure>
		</testcase>
	</testsuite>
	<testsuite name="com.neotys.REQUEST.PerRun.BrowserUser_Create_report" disabled="0" failures="1" errors="0" skipped="0" time="0" tests="1">
		<testcase name="avg-request-resp-time" classname="com.neotys.REQUEST.PerRun.BrowserUser_Create_report">
			<failure type="NeoLoad SLA" message="SLA failed">Container: /media/js/global.js&lt;br/&gt;Path: User Paths &gt; BrowserUser_Create_report &gt; Init &gt; / &gt; /media/js/global.js&lt;br/&gt;Virtual User: BrowserUser_Create_report&lt;br/&gt;SLA Profile: REQUEST&lt;br/&gt;SLA Type: Per Run&lt;br/&gt;WARNING Type: avg-request-resp-time&lt;br/&gt;Project: Sample_Project&lt;br/&gt;Scenario: WANImpact Local&lt;br/&gt;&lt;br/&gt;WARNING&lt;br/&gt;description: if the avg-request-resp-time   then fail&lt;br/&gt;&lt;br/&gt;Results: &lt;br/&gt;&lt;br/&gt;avg-request-resp-time=0.11143956%&lt;br/&gt;&lt;br/&gt;Created N/A&lt;br/&gt;</failure>
		</testcase>
	</testsuite>
	<testsuite name="com.neotys.REQUEST.PerRun.BrowserUser_Create_report" disabled="0" failures="1" errors="0" skipped="0" time="0" tests="1">
		<testcase name="avg-request-per-sec" classname="com.neotys.REQUEST.PerRun.BrowserUser_Create_report">
			<failure type="NeoLoad SLA" message="SLA failed">Container: /themes/default/images/icon_sprite-2.png&lt;br/&gt;Path: User Paths &gt; BrowserUser_Create_report &gt; Init &gt; /reports &gt; /themes/default/images/icon_sprite-2.png&lt;br/&gt;Virtual User: BrowserUser_Create_report&lt;br/&gt;SLA Profile: REQUEST&lt;br/&gt;SLA Type: Per Run&lt;br/&gt;WARNING Type: avg-request-per-sec&lt;br/&gt;Project: Sample_Project&lt;br/&gt;Scenario: WANImpact Local&lt;br/&gt;&lt;br/&gt;WARNING&lt;br/&gt;description: if the avg-request-per-sec   then fail&lt;br/&gt;&lt;br/&gt;Results: &lt;br/&gt;&lt;br/&gt;avg-request-per-sec=24.153074%&lt;br/&gt;&lt;br/&gt;Created N/A&lt;br/&gt;</failure>
		</testcase>
	</testsuite>
	<testsuite name="com.neotys.REQUEST.PerRun.MyiPhoneUser_Create_report" disabled="0" failures="1" errors="0" skipped="0" time="0" tests="1">
		<testcase name="avg-request-per-sec" classname="com.neotys.REQUEST.PerRun.MyiPhoneUser_Create_report">
			<failure type="NeoLoad SLA" message="SLA failed">Container: /api&lt;br/&gt;Path: User Paths &gt; MyiPhoneUser_Create_report &gt; Init &gt; /api &gt; /api&lt;br/&gt;Virtual User: MyiPhoneUser_Create_report&lt;br/&gt;SLA Profile: REQUEST&lt;br/&gt;SLA Type: Per Run&lt;br/&gt;WARNING Type: avg-request-per-sec&lt;br/&gt;Project: Sample_Project&lt;br/&gt;Scenario: WANImpact Local&lt;br/&gt;&lt;br/&gt;WARNING&lt;br/&gt;description: if the avg-request-per-sec   then fail&lt;br/&gt;&lt;br/&gt;Results: &lt;br/&gt;&lt;br/&gt;avg-request-per-sec=4.3685465%&lt;br/&gt;&lt;br/&gt;Created N/A&lt;br/&gt;</failure>
		</testcase>
	</testsuite>
	<testsuite name="com.neotys.REQUEST.PerRun.MyiPhoneUser_Create_report" disabled="0" failures="1" errors="0" skipped="0" time="0" tests="1">
		<testcase name="avg-request-resp-time" classname="com.neotys.REQUEST.PerRun.MyiPhoneUser_Create_report">
			<failure type="NeoLoad SLA" message="SLA failed">Container: /api&lt;br/&gt;Path: User Paths &gt; MyiPhoneUser_Create_report &gt; Init &gt; /api &gt; /api&lt;br/&gt;Virtual User: MyiPhoneUser_Create_report&lt;br/&gt;SLA Profile: REQUEST&lt;br/&gt;SLA Type: Per Run&lt;br/&gt;WARNING Type: avg-request-resp-time&lt;br/&gt;Project: Sample_Project&lt;br/&gt;Scenario: WANImpact Local&lt;br/&gt;&lt;br/&gt;WARNING&lt;br/&gt;description: if the avg-request-resp-time   then fail&lt;br/&gt;&lt;br/&gt;Results: &lt;br/&gt;&lt;br/&gt;avg-request-resp-time=0.22890909%&lt;br/&gt;&lt;br/&gt;Created N/A&lt;br/&gt;</failure>
		</testcase>
	</testsuite>
	<testsuite name="com.neotys.REQUEST.PerRun.BrowserUser_Create_report" disabled="0" failures="1" errors="0" skipped="0" time="0" tests="1">
		<testcase name="avg-request-per-sec" classname="com.neotys.REQUEST.PerRun.BrowserUser_Create_report">
			<failure type="NeoLoad SLA" message="SLA failed">Container: /media/js/jquery.ui.min.js&lt;br/&gt;Path: User Paths &gt; BrowserUser_Create_report &gt; Init &gt; / &gt; /media/js/jquery.ui.min.js&lt;br/&gt;Virtual User: BrowserUser_Create_report&lt;br/&gt;SLA Profile: REQUEST&lt;br/&gt;SLA Type: Per Run&lt;br/&gt;WARNING Type: avg-request-per-sec&lt;br/&gt;Project: Sample_Project&lt;br/&gt;Scenario: WANImpact Local&lt;br/&gt;&lt;br/&gt;WARNING&lt;br/&gt;description: if the avg-request-per-sec   then fail&lt;br/&gt;&lt;br/&gt;Results: &lt;br/&gt;&lt;br/&gt;avg-request-per-sec=7.486631%&lt;br/&gt;&lt;br/&gt;Created N/A&lt;br/&gt;</failure>
		</testcase>
	</testsuite>
	<testsuite name="com.neotys.REQUEST.PerRun.BrowserUser_Create_report" disabled="0" failures="1" errors="0" skipped="0" time="0" tests="1">
		<testcase name="avg-request-resp-time" classname="com.neotys.REQUEST.PerRun.BrowserUser_Create_report">
			<failure type="NeoLoad SLA" message="SLA failed">Container: /media/js/jquery.ui.min.js&lt;br/&gt;Path: User Paths &gt; BrowserUser_Create_report &gt; Init &gt; / &gt; /media/js/jquery.ui.min.js&lt;br/&gt;Virtual User: BrowserUser_Create_report&lt;br/&gt;SLA Profile: REQUEST&lt;br/&gt;SLA Type: Per Run&lt;br/&gt;WARNING Type: avg-request-resp-time&lt;br/&gt;Project: Sample_Project&lt;br/&gt;Scenario: WANImpact Local&lt;br/&gt;&lt;br/&gt;WARNING&lt;br/&gt;description: if the avg-request-resp-time   then fail&lt;br/&gt;&lt;br/&gt;Results: &lt;br/&gt;&lt;br/&gt;avg-request-resp-time=0.13357143%&lt;br/&gt;&lt;br/&gt;Created N/A&lt;br/&gt;</failure>
		</testcase>
	</testsuite>
	<testsuite name="com.neotys.REQUEST.PerRun.BrowserUser_Create_report" disabled="0" failures="1" errors="0" skipped="0" time="0" tests="1">
		<testcase name="avg-request-per-sec" classname="com.neotys.REQUEST.PerRun.BrowserUser_Create_report">
			<failure type="NeoLoad SLA" message="SLA failed">Container: /media/img/report-thumb-default.jpg&lt;br/&gt;Path: User Paths &gt; BrowserUser_Create_report &gt; Init &gt; /reports &gt; /media/img/report-thumb-default.jpg&lt;br/&gt;Virtual User: BrowserUser_Create_report&lt;br/&gt;SLA Profile: REQUEST&lt;br/&gt;SLA Type: Per Run&lt;br/&gt;WARNING Type: avg-request-per-sec&lt;br/&gt;Project: Sample_Project&lt;br/&gt;Scenario: WANImpact Local&lt;br/&gt;&lt;br/&gt;WARNING&lt;br/&gt;description: if the avg-request-per-sec   then fail&lt;br/&gt;&lt;br/&gt;Results: &lt;br/&gt;&lt;br/&gt;avg-request-per-sec=24.814695%&lt;br/&gt;&lt;br/&gt;Created N/A&lt;br/&gt;</failure>
		</testcase>
	</testsuite>
	<testsuite name="com.neotys.REQUEST.PerRun.BrowserUser_Create_report" disabled="0" failures="1" errors="0" skipped="0" time="0" tests="1">
		<testcase name="avg-request-per-sec" classname="com.neotys.REQUEST.PerRun.BrowserUser_Create_report">
			<failure type="NeoLoad SLA" message="SLA failed">Container: /media/img/footer-logo.png&lt;br/&gt;Path: User Paths &gt; BrowserUser_Create_report &gt; Init &gt; / &gt; /media/img/footer-logo.png&lt;br/&gt;Virtual User: BrowserUser_Create_report&lt;br/&gt;SLA Profile: REQUEST&lt;br/&gt;SLA Type: Per Run&lt;br/&gt;WARNING Type: avg-request-per-sec&lt;br/&gt;Project: Sample_Project&lt;br/&gt;Scenario: WANImpact Local&lt;br/&gt;&lt;br/&gt;WARNING&lt;br/&gt;description: if the avg-request-per-sec   then fail&lt;br/&gt;&lt;br/&gt;Results: &lt;br/&gt;&lt;br/&gt;avg-request-per-sec=8.213927%&lt;br/&gt;&lt;br/&gt;Created N/A&lt;br/&gt;</failure>
		</testcase>
	</testsuite>
	<testsuite name="com.neotys.REQUEST.PerRun.BrowserUser_Create_report" disabled="0" failures="1" errors="0" skipped="0" time="0" tests="1">
		<testcase name="avg-request-resp-time" classname="com.neotys.REQUEST.PerRun.BrowserUser_Create_report">
			<failure type="NeoLoad SLA" message="SLA failed">Container: /media/img/footer-logo.png&lt;br/&gt;Path: User Paths &gt; BrowserUser_Create_report &gt; Init &gt; / &gt; /media/img/footer-logo.png&lt;br/&gt;Virtual User: BrowserUser_Create_report&lt;br/&gt;SLA Profile: REQUEST&lt;br/&gt;SLA Type: Per Run&lt;br/&gt;WARNING Type: avg-request-resp-time&lt;br/&gt;Project: Sample_Project&lt;br/&gt;Scenario: WANImpact Local&lt;br/&gt;&lt;br/&gt;WARNING&lt;br/&gt;description: if the avg-request-resp-time   then fail&lt;br/&gt;&lt;br/&gt;Results: &lt;br/&gt;&lt;br/&gt;avg-request-resp-time=0.12174445%&lt;br/&gt;&lt;br/&gt;Created N/A&lt;br/&gt;</failure>
		</testcase>
	</testsuite>
	<testsuite name="com.neotys.REQUEST.PerRun.BrowserUser_Create_report" disabled="0" failures="1" errors="0" skipped="0" time="0" tests="1">
		<testcase name="avg-request-per-sec" classname="com.neotys.REQUEST.PerRun.BrowserUser_Create_report">
			<failure type="NeoLoad SLA" message="SLA failed">Container: /scheduler&lt;br/&gt;Path: User Paths &gt; BrowserUser_Create_report &gt; Init &gt; /reports/submit &gt; /scheduler&lt;br/&gt;Virtual User: BrowserUser_Create_report&lt;br/&gt;SLA Profile: REQUEST&lt;br/&gt;SLA Type: Per Run&lt;br/&gt;WARNING Type: avg-request-per-sec&lt;br/&gt;Project: Sample_Project&lt;br/&gt;Scenario: WANImpact Local&lt;br/&gt;&lt;br/&gt;WARNING&lt;br/&gt;description: if the avg-request-per-sec   then fail&lt;br/&gt;&lt;br/&gt;Results: &lt;br/&gt;&lt;br/&gt;avg-request-per-sec=10.489958%&lt;br/&gt;&lt;br/&gt;Created N/A&lt;br/&gt;</failure>
		</testcase>
	</testsuite>
	<testsuite name="com.neotys.REQUEST.PerRun.BrowserUser_Create_report" disabled="0" failures="1" errors="0" skipped="0" time="0" tests="1">
		<testcase name="avg-request-per-sec" classname="com.neotys.REQUEST.PerRun.BrowserUser_Create_report">
			<failure type="NeoLoad SLA" message="SLA failed">Container: /media/js/jquery.pngFix.pack.js&lt;br/&gt;Path: User Paths &gt; BrowserUser_Create_report &gt; Init &gt; / &gt; /media/js/jquery.pngFix.pack.js&lt;br/&gt;Virtual User: BrowserUser_Create_report&lt;br/&gt;SLA Profile: REQUEST&lt;br/&gt;SLA Type: Per Run&lt;br/&gt;WARNING Type: avg-request-per-sec&lt;br/&gt;Project: Sample_Project&lt;br/&gt;Scenario: WANImpact Local&lt;br/&gt;&lt;br/&gt;WARNING&lt;br/&gt;description: if the avg-request-per-sec   then fail&lt;br/&gt;&lt;br/&gt;Results: &lt;br/&gt;&lt;br/&gt;avg-request-per-sec=10.883865%&lt;br/&gt;&lt;br/&gt;Created N/A&lt;br/&gt;</failure>
		</testcase>
	</testsuite>
	<testsuite name="com.neotys.REQUEST.PerRun.BrowserUser_Create_report" disabled="0" failures="1" errors="0" skipped="0" time="0" tests="1">
		<testcase name="avg-request-per-sec" classname="com.neotys.REQUEST.PerRun.BrowserUser_Create_report">
			<failure type="NeoLoad SLA" message="SLA failed">Container: /media/js/jquery.ui.min.js&lt;br/&gt;Path: User Paths &gt; BrowserUser_Create_report &gt; Init &gt; / &gt; /media/js/jquery.ui.min.js&lt;br/&gt;Virtual User: BrowserUser_Create_report&lt;br/&gt;SLA Profile: REQUEST&lt;br/&gt;SLA Type: Per Run&lt;br/&gt;WARNING Type: avg-request-per-sec&lt;br/&gt;Project: Sample_Project&lt;br/&gt;Scenario: WANImpact Local&lt;br/&gt;&lt;br/&gt;WARNING&lt;br/&gt;description: if the avg-request-per-sec   then fail&lt;br/&gt;&lt;br/&gt;Results: &lt;br/&gt;&lt;br/&gt;avg-request-per-sec=12.126112%&lt;br/&gt;&lt;br/&gt;Created N/A&lt;br/&gt;</failure>
		</testcase>
	</testsuite>
	<testsuite name="com.neotys.REQUEST.PerRun.BrowserUser_Create_report" disabled="0" failures="1" errors="0" skipped="0" time="0" tests="1">
		<testcase name="avg-request-per-sec" classname="com.neotys.REQUEST.PerRun.BrowserUser_Create_report">
			<failure type="NeoLoad SLA" message="SLA failed">Container: /themes/default/images/icons/mobile-phone.png&lt;br/&gt;Path: User Paths &gt; BrowserUser_Create_report &gt; Init &gt; /reports &gt; /themes/default/images/icons/mobile-phone.png&lt;br/&gt;Virtual User: BrowserUser_Create_report&lt;br/&gt;SLA Profile: REQUEST&lt;br/&gt;SLA Type: Per Run&lt;br/&gt;WARNING Type: avg-request-per-sec&lt;br/&gt;Project: Sample_Project&lt;br/&gt;Scenario: WANImpact Local&lt;br/&gt;&lt;br/&gt;WARNING&lt;br/&gt;description: if the avg-request-per-sec   then fail&lt;br/&gt;&lt;br/&gt;Results: &lt;br/&gt;&lt;br/&gt;avg-request-per-sec=24.475525%&lt;br/&gt;&lt;br/&gt;Created N/A&lt;br/&gt;</failure>
		</testcase>
	</testsuite>
	<testsuite name="com.neotys.REQUEST.PerRun.BrowserUser_Create_report" disabled="0" failures="1" errors="0" skipped="0" time="0" tests="1">
		<testcase name="avg-request-per-sec" classname="com.neotys.REQUEST.PerRun.BrowserUser_Create_report">
			<failure type="NeoLoad SLA" message="SLA failed">Container: /reports/submit&lt;br/&gt;Path: User Paths &gt; BrowserUser_Create_report &gt; Init &gt; /reports/submit &gt; /reports/submit&lt;br/&gt;Virtual User: BrowserUser_Create_report&lt;br/&gt;SLA Profile: REQUEST&lt;br/&gt;SLA Type: Per Run&lt;br/&gt;WARNING Type: avg-request-per-sec&lt;br/&gt;Project: Sample_Project&lt;br/&gt;Scenario: WANImpact Local&lt;br/&gt;&lt;br/&gt;WARNING&lt;br/&gt;description: if the avg-request-per-sec   then fail&lt;br/&gt;&lt;br/&gt;Results: &lt;br/&gt;&lt;br/&gt;avg-request-per-sec=6.9986978%&lt;br/&gt;&lt;br/&gt;Created N/A&lt;br/&gt;</failure>
		</testcase>
	</testsuite>
	<testsuite name="com.neotys.REQUEST.PerRun.BrowserUser_Create_report" disabled="0" failures="1" errors="0" skipped="0" time="0" tests="1">
		<testcase name="avg-request-resp-time" classname="com.neotys.REQUEST.PerRun.BrowserUser_Create_report">
			<failure type="NeoLoad SLA" message="SLA failed">Container: /reports/submit&lt;br/&gt;Path: User Paths &gt; BrowserUser_Create_report &gt; Init &gt; /reports/submit &gt; /reports/submit&lt;br/&gt;Virtual User: BrowserUser_Create_report&lt;br/&gt;SLA Profile: REQUEST&lt;br/&gt;SLA Type: Per Run&lt;br/&gt;WARNING Type: avg-request-resp-time&lt;br/&gt;Project: Sample_Project&lt;br/&gt;Scenario: WANImpact Local&lt;br/&gt;&lt;br/&gt;WARNING&lt;br/&gt;description: if the avg-request-resp-time   then fail&lt;br/&gt;&lt;br/&gt;Results: &lt;br/&gt;&lt;br/&gt;avg-request-resp-time=0.14288372%&lt;br/&gt;&lt;br/&gt;Created N/A&lt;br/&gt;</failure>
		</testcase>
	</testsuite>
	<testsuite name="com.neotys.REQUEST.PerRun.BrowserUser_Create_report" disabled="0" failures="1" errors="0" skipped="0" time="0" tests="1">
		<testcase name="avg-request-per-sec" classname="com.neotys.REQUEST.PerRun.BrowserUser_Create_report">
			<failure type="NeoLoad SLA" message="SLA failed">Container: /themes/default/css/slider.css&lt;br/&gt;Path: User Paths &gt; BrowserUser_Create_report &gt; Init &gt; / &gt; /themes/default/css/slider.css&lt;br/&gt;Virtual User: BrowserUser_Create_report&lt;br/&gt;SLA Profile: REQUEST&lt;br/&gt;SLA Type: Per Run&lt;br/&gt;WARNING Type: avg-request-per-sec&lt;br/&gt;Project: Sample_Project&lt;br/&gt;Scenario: WANImpact Local&lt;br/&gt;&lt;br/&gt;WARNING&lt;br/&gt;description: if the avg-request-per-sec   then fail&lt;br/&gt;&lt;br/&gt;Results: &lt;br/&gt;&lt;br/&gt;avg-request-per-sec=12.13265%&lt;br/&gt;&lt;br/&gt;Created N/A&lt;br/&gt;</failure>
		</testcase>
	</testsuite>
	<testsuite name="com.neotys.REQUEST.PerRun.BrowserUser_Create_report" disabled="0" failures="1" errors="0" skipped="0" time="0" tests="1">
		<testcase name="avg-request-per-sec" classname="com.neotys.REQUEST.PerRun.BrowserUser_Create_report">
			<failure type="NeoLoad SLA" message="SLA failed">Container: /media/uploads/default_map_all_1437742499_t.png&lt;br/&gt;Path: User Paths &gt; BrowserUser_Create_report &gt; Init &gt; /reports &gt; /media/uploads/default_map_all_1437742499_t.png&lt;br/&gt;Virtual User: BrowserUser_Create_report&lt;br/&gt;SLA Profile: REQUEST&lt;br/&gt;SLA Type: Per Run&lt;br/&gt;WARNING Type: avg-request-per-sec&lt;br/&gt;Project: Sample_Project&lt;br/&gt;Scenario: WANImpact Local&lt;br/&gt;&lt;br/&gt;WARNING&lt;br/&gt;description: if the avg-request-per-sec   then fail&lt;br/&gt;&lt;br/&gt;Results: &lt;br/&gt;&lt;br/&gt;avg-request-per-sec=24.695318%&lt;br/&gt;&lt;br/&gt;Created N/A&lt;br/&gt;</failure>
		</testcase>
	</testsuite>
	<testsuite name="com.neotys.REQUEST.PerRun.BrowserUser_Create_report" disabled="0" failures="1" errors="0" skipped="0" time="0" tests="1">
		<testcase name="avg-request-per-sec" classname="com.neotys.REQUEST.PerRun.BrowserUser_Create_report">
			<failure type="NeoLoad SLA" message="SLA failed">Container: /media/css/jquery-ui-themeroller.css&lt;br/&gt;Path: User Paths &gt; BrowserUser_Create_report &gt; Init &gt; / &gt; /media/css/jquery-ui-themeroller.css&lt;br/&gt;Virtual User: BrowserUser_Create_report&lt;br/&gt;SLA Profile: REQUEST&lt;br/&gt;SLA Type: Per Run&lt;br/&gt;WARNING Type: avg-request-per-sec&lt;br/&gt;Project: Sample_Project&lt;br/&gt;Scenario: WANImpact Local&lt;br/&gt;&lt;br/&gt;WARNING&lt;br/&gt;description: if the avg-request-per-sec   then fail&lt;br/&gt;&lt;br/&gt;Results: &lt;br/&gt;&lt;br/&gt;avg-request-per-sec=22.647207%&lt;br/&gt;&lt;br/&gt;Created N/A&lt;br/&gt;</failure>
		</testcase>
	</testsuite>
	<testsuite name="com.neotys.REQUEST.PerRun.BrowserUser_Create_report" disabled="0" failures="1" errors="0" skipped="0" time="0" tests="1">
		<testcase name="avg-request-per-sec" classname="com.neotys.REQUEST.PerRun.BrowserUser_Create_report">
			<failure type="NeoLoad SLA" message="SLA failed">Container: /media/js/jquery.js&lt;br/&gt;Path: User Paths &gt; BrowserUser_Create_report &gt; Init &gt; / &gt; /media/js/jquery.js&lt;br/&gt;Virtual User: BrowserUser_Create_report&lt;br/&gt;SLA Profile: REQUEST&lt;br/&gt;SLA Type: Per Run&lt;br/&gt;WARNING Type: avg-request-per-sec&lt;br/&gt;Project: Sample_Project&lt;br/&gt;Scenario: WANImpact Local&lt;br/&gt;&lt;br/&gt;WARNING&lt;br/&gt;description: if the avg-request-per-sec   then fail&lt;br/&gt;&lt;br/&gt;Results: &lt;br/&gt;&lt;br/&gt;avg-request-per-sec=5.6339774%&lt;br/&gt;&lt;br/&gt;Created N/A&lt;br/&gt;</failure>
		</testcase>
	</testsuite>
	<testsuite name="com.neotys.REQUEST.PerRun.BrowserUser_Create_report" disabled="0" failures="1" errors="0" skipped="0" time="0" tests="1">
		<testcase name="avg-request-resp-time" classname="com.neotys.REQUEST.PerRun.BrowserUser_Create_report">
			<failure type="NeoLoad SLA" message="SLA failed">Container: /media/js/jquery.js&lt;br/&gt;Path: User Paths &gt; BrowserUser_Create_report &gt; Init &gt; / &gt; /media/js/jquery.js&lt;br/&gt;Virtual User: BrowserUser_Create_report&lt;br/&gt;SLA Profile: REQUEST&lt;br/&gt;SLA Type: Per Run&lt;br/&gt;WARNING Type: avg-request-resp-time&lt;br/&gt;Project: Sample_Project&lt;br/&gt;Scenario: WANImpact Local&lt;br/&gt;&lt;br/&gt;WARNING&lt;br/&gt;description: if the avg-request-resp-time   then fail&lt;br/&gt;&lt;br/&gt;Results: &lt;br/&gt;&lt;br/&gt;avg-request-resp-time=0.17749451%&lt;br/&gt;&lt;br/&gt;Created N/A&lt;br/&gt;</failure>
		</testcase>
	</testsuite>
	<testsuite name="com.neotys.REQUEST.PerRun.BrowserUser_Create_report" disabled="0" failures="1" errors="0" skipped="0" time="0" tests="1">
		<testcase name="avg-request-per-sec" classname="com.neotys.REQUEST.PerRun.BrowserUser_Create_report">
			<failure type="NeoLoad SLA" message="SLA failed">Container: /media/js/jquery.timeago.js&lt;br/&gt;Path: User Paths &gt; BrowserUser_Create_report &gt; Init &gt; / &gt; /media/js/jquery.timeago.js&lt;br/&gt;Virtual User: BrowserUser_Create_report&lt;br/&gt;SLA Profile: REQUEST&lt;br/&gt;SLA Type: Per Run&lt;br/&gt;WARNING Type: avg-request-per-sec&lt;br/&gt;Project: Sample_Project&lt;br/&gt;Scenario: WANImpact Local&lt;br/&gt;&lt;br/&gt;WARNING&lt;br/&gt;description: if the avg-request-per-sec   then fail&lt;br/&gt;&lt;br/&gt;Results: &lt;br/&gt;&lt;br/&gt;avg-request-per-sec=7.31982%&lt;br/&gt;&lt;br/&gt;Created N/A&lt;br/&gt;</failure>
		</testcase>
	</testsuite>
	<testsuite name="com.neotys.REQUEST.PerRun.BrowserUser_Create_report" disabled="0" failures="1" errors="0" skipped="0" time="0" tests="1">
		<testcase name="avg-request-resp-time" classname="com.neotys.REQUEST.PerRun.BrowserUser_Create_report">
			<failure type="NeoLoad SLA" message="SLA failed">Container: /media/js/jquery.timeago.js&lt;br/&gt;Path: User Paths &gt; BrowserUser_Create_report &gt; Init &gt; / &gt; /media/js/jquery.timeago.js&lt;br/&gt;Virtual User: BrowserUser_Create_report&lt;br/&gt;SLA Profile: REQUEST&lt;br/&gt;SLA Type: Per Run&lt;br/&gt;WARNING Type: avg-request-resp-time&lt;br/&gt;Project: Sample_Project&lt;br/&gt;Scenario: WANImpact Local&lt;br/&gt;&lt;br/&gt;WARNING&lt;br/&gt;description: if the avg-request-resp-time   then fail&lt;br/&gt;&lt;br/&gt;Results: &lt;br/&gt;&lt;br/&gt;avg-request-resp-time=0.13661538%&lt;br/&gt;&lt;br/&gt;Created N/A&lt;br/&gt;</failure>
		</testcase>
	</testsuite>
	<testsuite name="com.neotys.REQUEST.PerRun.BrowserUser_Create_report" disabled="0" failures="1" errors="0" skipped="0" time="0" tests="1">
		<testcase name="avg-request-per-sec" classname="com.neotys.REQUEST.PerRun.BrowserUser_Create_report">
			<failure type="NeoLoad SLA" message="SLA failed">Container: /media/img/footer-logo.png&lt;br/&gt;Path: User Paths &gt; BrowserUser_Create_report &gt; Init &gt; / &gt; /media/img/footer-logo.png&lt;br/&gt;Virtual User: BrowserUser_Create_report&lt;br/&gt;SLA Profile: REQUEST&lt;br/&gt;SLA Type: Per Run&lt;br/&gt;WARNING Type: avg-request-per-sec&lt;br/&gt;Project: Sample_Project&lt;br/&gt;Scenario: WANImpact Local&lt;br/&gt;&lt;br/&gt;WARNING&lt;br/&gt;description: if the avg-request-per-sec   then fail&lt;br/&gt;&lt;br/&gt;Results: &lt;br/&gt;&lt;br/&gt;avg-request-per-sec=3.9290185%&lt;br/&gt;&lt;br/&gt;Created N/A&lt;br/&gt;</failure>
		</testcase>
	</testsuite>
	<testsuite name="com.neotys.REQUEST.PerRun.BrowserUser_Create_report" disabled="0" failures="1" errors="0" skipped="0" time="0" tests="1">
		<testcase name="avg-request-resp-time" classname="com.neotys.REQUEST.PerRun.BrowserUser_Create_report">
			<failure type="NeoLoad SLA" message="SLA failed">Container: /media/img/footer-logo.png&lt;br/&gt;Path: User Paths &gt; BrowserUser_Create_report &gt; Init &gt; / &gt; /media/img/footer-logo.png&lt;br/&gt;Virtual User: BrowserUser_Create_report&lt;br/&gt;SLA Profile: REQUEST&lt;br/&gt;SLA Type: Per Run&lt;br/&gt;WARNING Type: avg-request-resp-time&lt;br/&gt;Project: Sample_Project&lt;br/&gt;Scenario: WANImpact Local&lt;br/&gt;&lt;br/&gt;WARNING&lt;br/&gt;description: if the avg-request-resp-time   then fail&lt;br/&gt;&lt;br/&gt;Results: &lt;br/&gt;&lt;br/&gt;avg-request-resp-time=0.25451648%&lt;br/&gt;&lt;br/&gt;Created N/A&lt;br/&gt;</failure>
		</testcase>
	</testsuite>
	<testsuite name="com.neotys.REQUEST.PerRun.BrowserUser_Create_report" disabled="0" failures="1" errors="0" skipped="0" time="0" tests="1">
		<testcase name="avg-request-per-sec" classname="com.neotys.REQUEST.PerRun.BrowserUser_Create_report">
			<failure type="NeoLoad SLA" message="SLA failed">Container: /media/uploads/default_map_all_1437742499_m.png&lt;br/&gt;Path: User Paths &gt; BrowserUser_Create_report &gt; Init &gt; / &gt; /media/uploads/default_map_all_1437742499_m.png&lt;br/&gt;Virtual User: BrowserUser_Create_report&lt;br/&gt;SLA Profile: REQUEST&lt;br/&gt;SLA Type: Per Run&lt;br/&gt;WARNING Type: avg-request-per-sec&lt;br/&gt;Project: Sample_Project&lt;br/&gt;Scenario: WANImpact Local&lt;br/&gt;&lt;br/&gt;WARNING&lt;br/&gt;description: if the avg-request-per-sec   then fail&lt;br/&gt;&lt;br/&gt;Results: &lt;br/&gt;&lt;br/&gt;avg-request-per-sec=8.237232%&lt;br/&gt;&lt;br/&gt;Created N/A&lt;br/&gt;</failure>
		</testcase>
	</testsuite>
	<testsuite name="com.neotys.REQUEST.PerRun.BrowserUser_Create_report" disabled="0" failures="1" errors="0" skipped="0" time="0" tests="1">
		<testcase name="avg-request-resp-time" classname="com.neotys.REQUEST.PerRun.BrowserUser_Create_report">
			<failure type="NeoLoad SLA" message="SLA failed">Container: /media/uploads/default_map_all_1437742499_m.png&lt;br/&gt;Path: User Paths &gt; BrowserUser_Create_report &gt; Init &gt; / &gt; /media/uploads/default_map_all_1437742499_m.png&lt;br/&gt;Virtual User: BrowserUser_Create_report&lt;br/&gt;SLA Profile: REQUEST&lt;br/&gt;SLA Type: Per Run&lt;br/&gt;WARNING Type: avg-request-resp-time&lt;br/&gt;Project: Sample_Project&lt;br/&gt;Scenario: WANImpact Local&lt;br/&gt;&lt;br/&gt;WARNING&lt;br/&gt;description: if the avg-request-resp-time   then fail&lt;br/&gt;&lt;br/&gt;Results: &lt;br/&gt;&lt;br/&gt;avg-request-resp-time=0.1214%&lt;br/&gt;&lt;br/&gt;Created N/A&lt;br/&gt;</failure>
		</testcase>
	</testsuite>
	<testsuite name="com.neotys.REQUEST.PerRun.BrowserUser_Create_report" disabled="0" failures="1" errors="0" skipped="0" time="0" tests="1">
		<testcase name="avg-request-per-sec" classname="com.neotys.REQUEST.PerRun.BrowserUser_Create_report">
			<failure type="NeoLoad SLA" message="SLA failed">Container: /media/css/global.css&lt;br/&gt;Path: User Paths &gt; BrowserUser_Create_report &gt; Init &gt; / &gt; /media/css/global.css&lt;br/&gt;Virtual User: BrowserUser_Create_report&lt;br/&gt;SLA Profile: REQUEST&lt;br/&gt;SLA Type: Per Run&lt;br/&gt;WARNING Type: avg-request-per-sec&lt;br/&gt;Project: Sample_Project&lt;br/&gt;Scenario: WANImpact Local&lt;br/&gt;&lt;br/&gt;WARNING&lt;br/&gt;description: if the avg-request-per-sec   then fail&lt;br/&gt;&lt;br/&gt;Results: &lt;br/&gt;&lt;br/&gt;avg-request-per-sec=24.475525%&lt;br/&gt;&lt;br/&gt;Created N/A&lt;br/&gt;</failure>
		</testcase>
	</testsuite>
	<testsuite name="com.neotys.PAGE.PerRun.BrowserUser_Create_report" disabled="0" failures="1" errors="0" skipped="0" time="0" tests="1">
		<testcase name="avg-page-resp-time" classname="com.neotys.PAGE.PerRun.BrowserUser_Create_report">
			<failure type="NeoLoad SLA" message="SLA failed">Container: /&lt;br/&gt;Path: User Paths &gt; BrowserUser_Create_report &gt; Init &gt; Home &gt; /&lt;br/&gt;Virtual User: BrowserUser_Create_report&lt;br/&gt;SLA Profile: PAGE&lt;br/&gt;SLA Type: Per Run&lt;br/&gt;WARNING Type: avg-page-resp-time&lt;br/&gt;Project: Sample_Project&lt;br/&gt;Scenario: WANImpact Local&lt;br/&gt;&lt;br/&gt;WARNING&lt;br/&gt;description: if the avg-page-resp-time   then fail&lt;br/&gt;&lt;br/&gt;Results: &lt;br/&gt;&lt;br/&gt;avg-page-resp-time=0.5591648%&lt;br/&gt;&lt;br/&gt;Created N/A&lt;br/&gt;</failure>
		</testcase>
	</testsuite>
	<testsuite name="com.neotys.REQUEST.PerRun.BrowserUser_Create_report" disabled="0" failures="1" errors="0" skipped="0" time="0" tests="1">
		<testcase name="avg-request-per-sec" classname="com.neotys.REQUEST.PerRun.BrowserUser_Create_report">
			<failure type="NeoLoad SLA" message="SLA failed">Container: /themes/default/images/bg_filter-accordion-title.png&lt;br/&gt;Path: User Paths &gt; BrowserUser_Create_report &gt; Init &gt; /reports &gt; /themes/default/images/bg_filter-accordion-title.png&lt;br/&gt;Virtual User: BrowserUser_Create_report&lt;br/&gt;SLA Profile: REQUEST&lt;br/&gt;SLA Type: Per Run&lt;br/&gt;WARNING Type: avg-request-per-sec&lt;br/&gt;Project: Sample_Project&lt;br/&gt;Scenario: WANImpact Local&lt;br/&gt;&lt;br/&gt;WARNING&lt;br/&gt;description: if the avg-request-per-sec   then fail&lt;br/&gt;&lt;br/&gt;Results: &lt;br/&gt;&lt;br/&gt;avg-request-per-sec=24.092615%&lt;br/&gt;&lt;br/&gt;Created N/A&lt;br/&gt;</failure>
		</testcase>
	</testsuite>
	<testsuite name="com.neotys.REQUEST.PerRun.BrowserUser_Create_report" disabled="0" failures="1" errors="0" skipped="0" time="0" tests="1">
		<testcase name="avg-request-per-sec" classname="com.neotys.REQUEST.PerRun.BrowserUser_Create_report">
			<failure type="NeoLoad SLA" message="SLA failed">Container: /media/css/jquery-ui-themeroller.css&lt;br/&gt;Path: User Paths &gt; BrowserUser_Create_report &gt; Init &gt; / &gt; /media/css/jquery-ui-themeroller.css&lt;br/&gt;Virtual User: BrowserUser_Create_report&lt;br/&gt;SLA Profile: REQUEST&lt;br/&gt;SLA Type: Per Run&lt;br/&gt;WARNING Type: avg-request-per-sec&lt;br/&gt;Project: Sample_Project&lt;br/&gt;Scenario: WANImpact Local&lt;br/&gt;&lt;br/&gt;WARNING&lt;br/&gt;description: if the avg-request-per-sec   then fail&lt;br/&gt;&lt;br/&gt;Results: &lt;br/&gt;&lt;br/&gt;avg-request-per-sec=16.455696%&lt;br/&gt;&lt;br/&gt;Created N/A&lt;br/&gt;</failure>
		</testcase>
	</testsuite>
	<testsuite name="com.neotys.REQUEST.PerRun.BrowserUser_Create_report" disabled="0" failures="1" errors="0" skipped="0" time="0" tests="1">
		<testcase name="avg-request-per-sec" classname="com.neotys.REQUEST.PerRun.BrowserUser_Create_report">
			<failure type="NeoLoad SLA" message="SLA failed">Container: /media/css/openlayers.css&lt;br/&gt;Path: User Paths &gt; BrowserUser_Create_report &gt; Init &gt; / &gt; /media/css/openlayers.css&lt;br/&gt;Virtual User: BrowserUser_Create_report&lt;br/&gt;SLA Profile: REQUEST&lt;br/&gt;SLA Type: Per Run&lt;br/&gt;WARNING Type: avg-request-per-sec&lt;br/&gt;Project: Sample_Project&lt;br/&gt;Scenario: WANImpact Local&lt;br/&gt;&lt;br/&gt;WARNING&lt;br/&gt;description: if the avg-request-per-sec   then fail&lt;br/&gt;&lt;br/&gt;Results: &lt;br/&gt;&lt;br/&gt;avg-request-per-sec=22.5%&lt;br/&gt;&lt;br/&gt;Created N/A&lt;br/&gt;</failure>
		</testcase>
	</testsuite>
	<testsuite name="com.neotys.REQUEST.PerRun.BrowserUser_Create_report" disabled="0" failures="1" errors="0" skipped="0" time="0" tests="1">
		<testcase name="avg-request-per-sec" classname="com.neotys.REQUEST.PerRun.BrowserUser_Create_report">
			<failure type="NeoLoad SLA" message="SLA failed">Container: /themes/default/images/icons/newspapers.png&lt;br/&gt;Path: User Paths &gt; BrowserUser_Create_report &gt; Init &gt; /reports &gt; /themes/default/images/icons/newspapers.png&lt;br/&gt;Virtual User: BrowserUser_Create_report&lt;br/&gt;SLA Profile: REQUEST&lt;br/&gt;SLA Type: Per Run&lt;br/&gt;WARNING Type: avg-request-per-sec&lt;br/&gt;Project: Sample_Project&lt;br/&gt;Scenario: WANImpact Local&lt;br/&gt;&lt;br/&gt;WARNING&lt;br/&gt;description: if the avg-request-per-sec   then fail&lt;br/&gt;&lt;br/&gt;Results: &lt;br/&gt;&lt;br/&gt;avg-request-per-sec=11.871724%&lt;br/&gt;&lt;br/&gt;Created N/A&lt;br/&gt;</failure>
		</testcase>
	</testsuite>
	<testsuite name="com.neotys.REQUEST.PerRun.BrowserUser_Create_report" disabled="0" failures="1" errors="0" skipped="0" time="0" tests="1">
		<testcase name="avg-request-per-sec" classname="com.neotys.REQUEST.PerRun.BrowserUser_Create_report">
			<failure type="NeoLoad SLA" message="SLA failed">Container: /themes/default/images/page-bg.jpgdqfdsf&lt;br/&gt;Path: User Paths &gt; BrowserUser_Create_report &gt; Init &gt; /themes/default/images/page-bg.jpg &gt; /themes/default/images/page-bg.jpgdqfdsf&lt;br/&gt;Virtual User: BrowserUser_Create_report&lt;br/&gt;SLA Profile: REQUEST&lt;br/&gt;SLA Type: Per Run&lt;br/&gt;WARNING Type: avg-request-per-sec&lt;br/&gt;Project: Sample_Project&lt;br/&gt;Scenario: WANImpact Local&lt;br/&gt;&lt;br/&gt;WARNING&lt;br/&gt;description: if the avg-request-per-sec   then fail&lt;br/&gt;&lt;br/&gt;Results: &lt;br/&gt;&lt;br/&gt;avg-request-per-sec=9.847807%&lt;br/&gt;&lt;br/&gt;Created N/A&lt;br/&gt;</failure>
		</testcase>
	</testsuite>
	<testsuite name="com.neotys.REQUEST.PerRun.BrowserUser_Create_report" disabled="0" failures="1" errors="0" skipped="0" time="0" tests="1">
		<testcase name="avg-request-resp-time" classname="com.neotys.REQUEST.PerRun.BrowserUser_Create_report">
			<failure type="NeoLoad SLA" message="SLA failed">Container: /themes/default/images/page-bg.jpgdqfdsf&lt;br/&gt;Path: User Paths &gt; BrowserUser_Create_report &gt; Init &gt; /themes/default/images/page-bg.jpg &gt; /themes/default/images/page-bg.jpgdqfdsf&lt;br/&gt;Virtual User: BrowserUser_Create_report&lt;br/&gt;SLA Profile: REQUEST&lt;br/&gt;SLA Type: Per Run&lt;br/&gt;WARNING Type: avg-request-resp-time&lt;br/&gt;Project: Sample_Project&lt;br/&gt;Scenario: WANImpact Local&lt;br/&gt;&lt;br/&gt;WARNING&lt;br/&gt;description: if the avg-request-resp-time   then fail&lt;br/&gt;&lt;br/&gt;Results: &lt;br/&gt;&lt;br/&gt;avg-request-resp-time=0.10154545%&lt;br/&gt;&lt;br/&gt;Created N/A&lt;br/&gt;</failure>
		</testcase>
	</testsuite>
	<testsuite name="com.neotys.REQUEST.PerRun.BrowserUser_Create_report" disabled="0" failures="1" errors="0" skipped="0" time="0" tests="1">
		<testcase name="avg-request-per-sec" classname="com.neotys.REQUEST.PerRun.BrowserUser_Create_report">
			<failure type="NeoLoad SLA" message="SLA failed">Container: /scheduler&lt;br/&gt;Path: User Paths &gt; BrowserUser_Create_report &gt; Init &gt; /reports &gt; /scheduler&lt;br/&gt;Virtual User: BrowserUser_Create_report&lt;br/&gt;SLA Profile: REQUEST&lt;br/&gt;SLA Type: Per Run&lt;br/&gt;WARNING Type: avg-request-per-sec&lt;br/&gt;Project: Sample_Project&lt;br/&gt;Scenario: WANImpact Local&lt;br/&gt;&lt;br/&gt;WARNING&lt;br/&gt;description: if the avg-request-per-sec   then fail&lt;br/&gt;&lt;br/&gt;Results: &lt;br/&gt;&lt;br/&gt;avg-request-per-sec=5.489022%&lt;br/&gt;&lt;br/&gt;Created N/A&lt;br/&gt;</failure>
		</testcase>
	</testsuite>
	<testsuite name="com.neotys.REQUEST.PerRun.BrowserUser_Create_report" disabled="0" failures="1" errors="0" skipped="0" time="0" tests="1">
		<testcase name="avg-request-resp-time" classname="com.neotys.REQUEST.PerRun.BrowserUser_Create_report">
			<failure type="NeoLoad SLA" message="SLA failed">Container: /scheduler&lt;br/&gt;Path: User Paths &gt; BrowserUser_Create_report &gt; Init &gt; /reports &gt; /scheduler&lt;br/&gt;Virtual User: BrowserUser_Create_report&lt;br/&gt;SLA Profile: REQUEST&lt;br/&gt;SLA Type: Per Run&lt;br/&gt;WARNING Type: avg-request-resp-time&lt;br/&gt;Project: Sample_Project&lt;br/&gt;Scenario: WANImpact Local&lt;br/&gt;&lt;br/&gt;WARNING&lt;br/&gt;description: if the avg-request-resp-time   then fail&lt;br/&gt;&lt;br/&gt;Results: &lt;br/&gt;&lt;br/&gt;avg-request-resp-time=0.18218182%&lt;br/&gt;&lt;br/&gt;Created N/A&lt;br/&gt;</failure>
		</testcase>
	</testsuite>
	<testsuite name="com.neotys.REQUEST.PerRun.BrowserUser_Create_report" disabled="0" failures="1" errors="0" skipped="0" time="0" tests="1">
		<testcase name="avg-request-per-sec" classname="com.neotys.REQUEST.PerRun.BrowserUser_Create_report">
			<failure type="NeoLoad SLA" message="SLA failed">Container: /themes/default/css/accordion.css&lt;br/&gt;Path: User Paths &gt; BrowserUser_Create_report &gt; Init &gt; / &gt; /themes/default/css/accordion.css&lt;br/&gt;Virtual User: BrowserUser_Create_report&lt;br/&gt;SLA Profile: REQUEST&lt;br/&gt;SLA Type: Per Run&lt;br/&gt;WARNING Type: avg-request-per-sec&lt;br/&gt;Project: Sample_Project&lt;br/&gt;Scenario: WANImpact Local&lt;br/&gt;&lt;br/&gt;WARNING&lt;br/&gt;description: if the avg-request-per-sec   then fail&lt;br/&gt;&lt;br/&gt;Results: &lt;br/&gt;&lt;br/&gt;avg-request-per-sec=22.664316%&lt;br/&gt;&lt;br/&gt;Created N/A&lt;br/&gt;</failure>
		</testcase>
	</testsuite>
	<testsuite name="com.neotys.REQUEST.PerRun.BrowserUser_Create_report" disabled="0" failures="1" errors="0" skipped="0" time="0" tests="1">
		<testcase name="avg-request-per-sec" classname="com.neotys.REQUEST.PerRun.BrowserUser_Create_report">
			<failure type="NeoLoad SLA" message="SLA failed">Container: /media/js/jquery.js&lt;br/&gt;Path: User Paths &gt; BrowserUser_Create_report &gt; Init &gt; / &gt; /media/js/jquery.js&lt;br/&gt;Virtual User: BrowserUser_Create_report&lt;br/&gt;SLA Profile: REQUEST&lt;br/&gt;SLA Type: Per Run&lt;br/&gt;WARNING Type: avg-request-per-sec&lt;br/&gt;Project: Sample_Project&lt;br/&gt;Scenario: WANImpact Local&lt;br/&gt;&lt;br/&gt;WARNING&lt;br/&gt;description: if the avg-request-per-sec   then fail&lt;br/&gt;&lt;br/&gt;Results: &lt;br/&gt;&lt;br/&gt;avg-request-per-sec=11.915795%&lt;br/&gt;&lt;br/&gt;Created N/A&lt;br/&gt;</failure>
		</testcase>
	</testsuite>
	<testsuite name="com.neotys.REQUEST.PerRun.BrowserUser_Create_report" disabled="0" failures="1" errors="0" skipped="0" time="0" tests="1">
		<testcase name="avg-request-per-sec" classname="com.neotys.REQUEST.PerRun.BrowserUser_Create_report">
			<failure type="NeoLoad SLA" message="SLA failed">Container: /media/css/global.css&lt;br/&gt;Path: User Paths &gt; BrowserUser_Create_report &gt; Init &gt; / &gt; /media/css/global.css&lt;br/&gt;Virtual User: BrowserUser_Create_report&lt;br/&gt;SLA Profile: REQUEST&lt;br/&gt;SLA Type: Per Run&lt;br/&gt;WARNING Type: avg-request-per-sec&lt;br/&gt;Project: Sample_Project&lt;br/&gt;Scenario: WANImpact Local&lt;br/&gt;&lt;br/&gt;WARNING&lt;br/&gt;description: if the avg-request-per-sec   then fail&lt;br/&gt;&lt;br/&gt;Results: &lt;br/&gt;&lt;br/&gt;avg-request-per-sec=22.733013%&lt;br/&gt;&lt;br/&gt;Created N/A&lt;br/&gt;</failure>
		</testcase>
	</testsuite>
	<testsuite name="com.neotys.REQUEST.PerRun.BrowserUser_Create_report" disabled="0" failures="1" errors="0" skipped="0" time="0" tests="1">
		<testcase name="avg-request-per-sec" classname="com.neotys.REQUEST.PerRun.BrowserUser_Create_report">
			<failure type="NeoLoad SLA" message="SLA failed">Container: /media/js/selectToUISlider.jQuery.js&lt;br/&gt;Path: User Paths &gt; BrowserUser_Create_report &gt; Init &gt; / &gt; /media/js/selectToUISlider.jQuery.js&lt;br/&gt;Virtual User: BrowserUser_Create_report&lt;br/&gt;SLA Profile: REQUEST&lt;br/&gt;SLA Type: Per Run&lt;br/&gt;WARNING Type: avg-request-per-sec&lt;br/&gt;Project: Sample_Project&lt;br/&gt;Scenario: WANImpact Local&lt;br/&gt;&lt;br/&gt;WARNING&lt;br/&gt;description: if the avg-request-per-sec   then fail&lt;br/&gt;&lt;br/&gt;Results: &lt;br/&gt;&lt;br/&gt;avg-request-per-sec=4.9213133%&lt;br/&gt;&lt;br/&gt;Created N/A&lt;br/&gt;</failure>
		</testcase>
	</testsuite>
	<testsuite name="com.neotys.REQUEST.PerRun.BrowserUser_Create_report" disabled="0" failures="1" errors="0" skipped="0" time="0" tests="1">
		<testcase name="avg-request-resp-time" classname="com.neotys.REQUEST.PerRun.BrowserUser_Create_report">
			<failure type="NeoLoad SLA" message="SLA failed">Container: /media/js/selectToUISlider.jQuery.js&lt;br/&gt;Path: User Paths &gt; BrowserUser_Create_report &gt; Init &gt; / &gt; /media/js/selectToUISlider.jQuery.js&lt;br/&gt;Virtual User: BrowserUser_Create_report&lt;br/&gt;SLA Profile: REQUEST&lt;br/&gt;SLA Type: Per Run&lt;br/&gt;WARNING Type: avg-request-resp-time&lt;br/&gt;Project: Sample_Project&lt;br/&gt;Scenario: WANImpact Local&lt;br/&gt;&lt;br/&gt;WARNING&lt;br/&gt;description: if the avg-request-resp-time   then fail&lt;br/&gt;&lt;br/&gt;Results: &lt;br/&gt;&lt;br/&gt;avg-request-resp-time=0.2031978%&lt;br/&gt;&lt;br/&gt;Created N/A&lt;br/&gt;</failure>
		</testcase>
	</testsuite>
	<testsuite name="com.neotys.REQUEST.PerRun.BrowserUser_Create_report" disabled="0" failures="1" errors="0" skipped="0" time="0" tests="1">
		<testcase name="avg-request-per-sec" classname="com.neotys.REQUEST.PerRun.BrowserUser_Create_report">
			<failure type="NeoLoad SLA" message="SLA failed">Container: /themes/default/css/slider.css&lt;br/&gt;Path: User Paths &gt; BrowserUser_Create_report &gt; Init &gt; / &gt; /themes/default/css/slider.css&lt;br/&gt;Virtual User: BrowserUser_Create_report&lt;br/&gt;SLA Profile: REQUEST&lt;br/&gt;SLA Type: Per Run&lt;br/&gt;WARNING Type: avg-request-per-sec&lt;br/&gt;Project: Sample_Project&lt;br/&gt;Scenario: WANImpact Local&lt;br/&gt;&lt;br/&gt;WARNING&lt;br/&gt;description: if the avg-request-per-sec   then fail&lt;br/&gt;&lt;br/&gt;Results: &lt;br/&gt;&lt;br/&gt;avg-request-per-sec=12.12525%&lt;br/&gt;&lt;br/&gt;Created N/A&lt;br/&gt;</failure>
		</testcase>
	</testsuite>
	<testsuite name="com.neotys.REQUEST.PerRun.BrowserUser_Create_report" disabled="0" failures="1" errors="0" skipped="0" time="0" tests="1">
		<testcase name="avg-request-per-sec" classname="com.neotys.REQUEST.PerRun.BrowserUser_Create_report">
			<failure type="NeoLoad SLA" message="SLA failed">Container: /media/js/OpenLayers.js&lt;br/&gt;Path: User Paths &gt; BrowserUser_Create_report &gt; Init &gt; / &gt; /media/js/OpenLayers.js&lt;br/&gt;Virtual User: BrowserUser_Create_report&lt;br/&gt;SLA Profile: REQUEST&lt;br/&gt;SLA Type: Per Run&lt;br/&gt;WARNING Type: avg-request-per-sec&lt;br/&gt;Project: Sample_Project&lt;br/&gt;Scenario: WANImpact Local&lt;br/&gt;&lt;br/&gt;WARNING&lt;br/&gt;description: if the avg-request-per-sec   then fail&lt;br/&gt;&lt;br/&gt;Results: &lt;br/&gt;&lt;br/&gt;avg-request-per-sec=8.408857%&lt;br/&gt;&lt;br/&gt;Created N/A&lt;br/&gt;</failure>
		</testcase>
	</testsuite>
	<testsuite name="com.neotys.REQUEST.PerRun.BrowserUser_Create_report" disabled="0" failures="1" errors="0" skipped="0" time="0" tests="1">
		<testcase name="avg-request-resp-time" classname="com.neotys.REQUEST.PerRun.BrowserUser_Create_report">
			<failure type="NeoLoad SLA" message="SLA failed">Container: /media/js/OpenLayers.js&lt;br/&gt;Path: User Paths &gt; BrowserUser_Create_report &gt; Init &gt; / &gt; /media/js/OpenLayers.js&lt;br/&gt;Virtual User: BrowserUser_Create_report&lt;br/&gt;SLA Profile: REQUEST&lt;br/&gt;SLA Type: Per Run&lt;br/&gt;WARNING Type: avg-request-resp-time&lt;br/&gt;Project: Sample_Project&lt;br/&gt;Scenario: WANImpact Local&lt;br/&gt;&lt;br/&gt;WARNING&lt;br/&gt;description: if the avg-request-resp-time   then fail&lt;br/&gt;&lt;br/&gt;Results: &lt;br/&gt;&lt;br/&gt;avg-request-resp-time=0.11892222%&lt;br/&gt;&lt;br/&gt;Created N/A&lt;br/&gt;</failure>
		</testcase>
	</testsuite>
	<testsuite name="com.neotys.REQUEST.PerRun.BrowserUser_Create_report" disabled="0" failures="1" errors="0" skipped="0" time="0" tests="1">
		<testcase name="avg-request-per-sec" classname="com.neotys.REQUEST.PerRun.BrowserUser_Create_report">
			<failure type="NeoLoad SLA" message="SLA failed">Container: /themes/default/css/base.css&lt;br/&gt;Path: User Paths &gt; BrowserUser_Create_report &gt; Init &gt; / &gt; /themes/default/css/base.css&lt;br/&gt;Virtual User: BrowserUser_Create_report&lt;br/&gt;SLA Profile: REQUEST&lt;br/&gt;SLA Type: Per Run&lt;br/&gt;WARNING Type: avg-request-per-sec&lt;br/&gt;Project: Sample_Project&lt;br/&gt;Scenario: WANImpact Local&lt;br/&gt;&lt;br/&gt;WARNING&lt;br/&gt;description: if the avg-request-per-sec   then fail&lt;br/&gt;&lt;br/&gt;Results: &lt;br/&gt;&lt;br/&gt;avg-request-per-sec=22.573364%&lt;br/&gt;&lt;br/&gt;Created N/A&lt;br/&gt;</failure>
		</testcase>
	</testsuite>
	<testsuite name="com.neotys.REQUEST.PerRun.BrowserUser_Create_report" disabled="0" failures="1" errors="0" skipped="0" time="0" tests="1">
		<testcase name="avg-request-per-sec" classname="com.neotys.REQUEST.PerRun.BrowserUser_Create_report">
			<failure type="NeoLoad SLA" message="SLA failed">Container: /media/js/jquery.treeview.js&lt;br/&gt;Path: User Paths &gt; BrowserUser_Create_report &gt; Init &gt; /reports/submit &gt; /media/js/jquery.treeview.js&lt;br/&gt;Virtual User: BrowserUser_Create_report&lt;br/&gt;SLA Profile: REQUEST&lt;br/&gt;SLA Type: Per Run&lt;br/&gt;WARNING Type: avg-request-per-sec&lt;br/&gt;Project: Sample_Project&lt;br/&gt;Scenario: WANImpact Local&lt;br/&gt;&lt;br/&gt;WARNING&lt;br/&gt;description: if the avg-request-per-sec   then fail&lt;br/&gt;&lt;br/&gt;Results: &lt;br/&gt;&lt;br/&gt;avg-request-per-sec=24.501425%&lt;br/&gt;&lt;br/&gt;Created N/A&lt;br/&gt;</failure>
		</testcase>
	</testsuite>
	<testsuite name="com.neotys.REQUEST.PerRun.BrowserUser_Create_report" disabled="0" failures="1" errors="0" skipped="0" time="0" tests="1">
		<testcase name="avg-request-per-sec" classname="com.neotys.REQUEST.PerRun.BrowserUser_Create_report">
			<failure type="NeoLoad SLA" message="SLA failed">Container: /media/js/global.js&lt;br/&gt;Path: User Paths &gt; BrowserUser_Create_report &gt; Init &gt; / &gt; /media/js/global.js&lt;br/&gt;Virtual User: BrowserUser_Create_report&lt;br/&gt;SLA Profile: REQUEST&lt;br/&gt;SLA Type: Per Run&lt;br/&gt;WARNING Type: avg-request-per-sec&lt;br/&gt;Project: Sample_Project&lt;br/&gt;Scenario: WANImpact Local&lt;br/&gt;&lt;br/&gt;WARNING&lt;br/&gt;description: if the avg-request-per-sec   then fail&lt;br/&gt;&lt;br/&gt;Results: &lt;br/&gt;&lt;br/&gt;avg-request-per-sec=11.881188%&lt;br/&gt;&lt;br/&gt;Created N/A&lt;br/&gt;</failure>
		</testcase>
	</testsuite>
	<testsuite name="com.neotys.REQUEST.PerRun.BrowserUser_Create_report" disabled="0" failures="1" errors="0" skipped="0" time="0" tests="1">
		<testcase name="avg-request-per-sec" classname="com.neotys.REQUEST.PerRun.BrowserUser_Create_report">
			<failure type="NeoLoad SLA" message="SLA failed">Container: /themes/default/css/style.css&lt;br/&gt;Path: User Paths &gt; BrowserUser_Create_report &gt; Init &gt; / &gt; /themes/default/css/style.css&lt;br/&gt;Virtual User: BrowserUser_Create_report&lt;br/&gt;SLA Profile: REQUEST&lt;br/&gt;SLA Type: Per Run&lt;br/&gt;WARNING Type: avg-request-per-sec&lt;br/&gt;Project: Sample_Project&lt;br/&gt;Scenario: WANImpact Local&lt;br/&gt;&lt;br/&gt;WARNING&lt;br/&gt;description: if the avg-request-per-sec   then fail&lt;br/&gt;&lt;br/&gt;Results: &lt;br/&gt;&lt;br/&gt;avg-request-per-sec=12.041816%&lt;br/&gt;&lt;br/&gt;Created N/A&lt;br/&gt;</failure>
		</testcase>
	</testsuite>
	<testsuite name="com.neotys.REQUEST.PerRun.BrowserUser_Create_report" disabled="0" failures="1" errors="0" skipped="0" time="0" tests="1">
		<testcase name="avg-request-per-sec" classname="com.neotys.REQUEST.PerRun.BrowserUser_Create_report">
			<failure type="NeoLoad SLA" message="SLA failed">Container: /themes/default/images/icons/application-form.png&lt;br/&gt;Path: User Paths &gt; BrowserUser_Create_report &gt; Init &gt; /reports &gt; /themes/default/images/icons/application-form.png&lt;br/&gt;Virtual User: BrowserUser_Create_report&lt;br/&gt;SLA Profile: REQUEST&lt;br/&gt;SLA Type: Per Run&lt;br/&gt;WARNING Type: avg-request-per-sec&lt;br/&gt;Project: Sample_Project&lt;br/&gt;Scenario: WANImpact Local&lt;br/&gt;&lt;br/&gt;WARNING&lt;br/&gt;description: if the avg-request-per-sec   then fail&lt;br/&gt;&lt;br/&gt;Results: &lt;br/&gt;&lt;br/&gt;avg-request-per-sec=8.27868%&lt;br/&gt;&lt;br/&gt;Created N/A&lt;br/&gt;</failure>
		</testcase>
	</testsuite>
	<testsuite name="com.neotys.REQUEST.PerRun.BrowserUser_Create_report" disabled="0" failures="1" errors="0" skipped="0" time="0" tests="1">
		<testcase name="avg-request-resp-time" classname="com.neotys.REQUEST.PerRun.BrowserUser_Create_report">
			<failure type="NeoLoad SLA" message="SLA failed">Container: /themes/default/images/icons/application-form.png&lt;br/&gt;Path: User Paths &gt; BrowserUser_Create_report &gt; Init &gt; /reports &gt; /themes/default/images/icons/application-form.png&lt;br/&gt;Virtual User: BrowserUser_Create_report&lt;br/&gt;SLA Profile: REQUEST&lt;br/&gt;SLA Type: Per Run&lt;br/&gt;WARNING Type: avg-request-resp-time&lt;br/&gt;Project: Sample_Project&lt;br/&gt;Scenario: WANImpact Local&lt;br/&gt;&lt;br/&gt;WARNING&lt;br/&gt;description: if the avg-request-resp-time   then fail&lt;br/&gt;&lt;br/&gt;Results: &lt;br/&gt;&lt;br/&gt;avg-request-resp-time=0.12079221%&lt;br/&gt;&lt;br/&gt;Created N/A&lt;br/&gt;</failure>
		</testcase>
	</testsuite>
	<testsuite name="com.neotys.REQUEST.PerRun.BrowserUser_Create_report" disabled="0" failures="1" errors="0" skipped="0" time="0" tests="1">
		<testcase name="avg-request-per-sec" classname="com.neotys.REQUEST.PerRun.BrowserUser_Create_report">
			<failure type="NeoLoad SLA" message="SLA failed">Container: /media/uploads/banner_1437742016.png&lt;br/&gt;Path: User Paths &gt; BrowserUser_Create_report &gt; Init &gt; / &gt; /media/uploads/banner_1437742016.png&lt;br/&gt;Virtual User: BrowserUser_Create_report&lt;br/&gt;SLA Profile: REQUEST&lt;br/&gt;SLA Type: Per Run&lt;br/&gt;WARNING Type: avg-request-per-sec&lt;br/&gt;Project: Sample_Project&lt;br/&gt;Scenario: WANImpact Local&lt;br/&gt;&lt;br/&gt;WARNING&lt;br/&gt;description: if the avg-request-per-sec   then fail&lt;br/&gt;&lt;br/&gt;Results: &lt;br/&gt;&lt;br/&gt;avg-request-per-sec=8.288819%&lt;br/&gt;&lt;br/&gt;Created N/A&lt;br/&gt;</failure>
		</testcase>
	</testsuite>
	<testsuite name="com.neotys.REQUEST.PerRun.BrowserUser_Create_report" disabled="0" failures="1" errors="0" skipped="0" time="0" tests="1">
		<testcase name="avg-request-resp-time" classname="com.neotys.REQUEST.PerRun.BrowserUser_Create_report">
			<failure type="NeoLoad SLA" message="SLA failed">Container: /media/uploads/banner_1437742016.png&lt;br/&gt;Path: User Paths &gt; BrowserUser_Create_report &gt; Init &gt; / &gt; /media/uploads/banner_1437742016.png&lt;br/&gt;Virtual User: BrowserUser_Create_report&lt;br/&gt;SLA Profile: REQUEST&lt;br/&gt;SLA Type: Per Run&lt;br/&gt;WARNING Type: avg-request-resp-time&lt;br/&gt;Project: Sample_Project&lt;br/&gt;Scenario: WANImpact Local&lt;br/&gt;&lt;br/&gt;WARNING&lt;br/&gt;description: if the avg-request-resp-time   then fail&lt;br/&gt;&lt;br/&gt;Results: &lt;br/&gt;&lt;br/&gt;avg-request-resp-time=0.12064444%&lt;br/&gt;&lt;br/&gt;Created N/A&lt;br/&gt;</failure>
		</testcase>
	</testsuite>
	<testsuite name="com.neotys.REQUEST.PerRun.BrowserUser_Create_report" disabled="0" failures="1" errors="0" skipped="0" time="0" tests="1">
		<testcase name="avg-request-per-sec" classname="com.neotys.REQUEST.PerRun.BrowserUser_Create_report">
			<failure type="NeoLoad SLA" message="SLA failed">Container: /themes/default/css/base.css&lt;br/&gt;Path: User Paths &gt; BrowserUser_Create_report &gt; Init &gt; / &gt; /themes/default/css/base.css&lt;br/&gt;Virtual User: BrowserUser_Create_report&lt;br/&gt;SLA Profile: REQUEST&lt;br/&gt;SLA Type: Per Run&lt;br/&gt;WARNING Type: avg-request-per-sec&lt;br/&gt;Project: Sample_Project&lt;br/&gt;Scenario: WANImpact Local&lt;br/&gt;&lt;br/&gt;WARNING&lt;br/&gt;description: if the avg-request-per-sec   then fail&lt;br/&gt;&lt;br/&gt;Results: &lt;br/&gt;&lt;br/&gt;avg-request-per-sec=22.558254%&lt;br/&gt;&lt;br/&gt;Created N/A&lt;br/&gt;</failure>
		</testcase>
	</testsuite>
	<testsuite name="com.neotys.REQUEST.PerRun.BrowserUser_Create_report" disabled="0" failures="1" errors="0" skipped="0" time="0" tests="1">
		<testcase name="avg-request-per-sec" classname="com.neotys.REQUEST.PerRun.BrowserUser_Create_report">
			<failure type="NeoLoad SLA" message="SLA failed">Container: /&lt;br/&gt;Path: User Paths &gt; BrowserUser_Create_report &gt; Init &gt; / &gt; /&lt;br/&gt;Virtual User: BrowserUser_Create_report&lt;br/&gt;SLA Profile: REQUEST&lt;br/&gt;SLA Type: Per Run&lt;br/&gt;WARNING Type: avg-request-per-sec&lt;br/&gt;Project: Sample_Project&lt;br/&gt;Scenario: WANImpact Local&lt;br/&gt;&lt;br/&gt;WARNING&lt;br/&gt;description: if the avg-request-per-sec   then fail&lt;br/&gt;&lt;br/&gt;Results: &lt;br/&gt;&lt;br/&gt;avg-request-per-sec=14.879005%&lt;br/&gt;&lt;br/&gt;Created N/A&lt;br/&gt;</failure>
		</testcase>
	</testsuite>
	<testsuite name="com.neotys.REQUEST.PerRun.BrowserUser_Create_report" disabled="0" failures="1" errors="0" skipped="0" time="0" tests="1">
		<testcase name="avg-request-per-sec" classname="com.neotys.REQUEST.PerRun.BrowserUser_Create_report">
			<failure type="NeoLoad SLA" message="SLA failed">Container: /media/img/themeroller/ui-icons_454545_256x240.png&lt;br/&gt;Path: User Paths &gt; BrowserUser_Create_report &gt; Init &gt; /reports &gt; /media/img/themeroller/ui-icons_454545_256x240.png&lt;br/&gt;Virtual User: BrowserUser_Create_report&lt;br/&gt;SLA Profile: REQUEST&lt;br/&gt;SLA Type: Per Run&lt;br/&gt;WARNING Type: avg-request-per-sec&lt;br/&gt;Project: Sample_Project&lt;br/&gt;Scenario: WANImpact Local&lt;br/&gt;&lt;br/&gt;WARNING&lt;br/&gt;description: if the avg-request-per-sec   then fail&lt;br/&gt;&lt;br/&gt;Results: &lt;br/&gt;&lt;br/&gt;avg-request-per-sec=8.049341%&lt;br/&gt;&lt;br/&gt;Created N/A&lt;br/&gt;</failure>
		</testcase>
	</testsuite>
	<testsuite name="com.neotys.REQUEST.PerRun.BrowserUser_Create_report" disabled="0" failures="1" errors="0" skipped="0" time="0" tests="1">
		<testcase name="avg-request-resp-time" classname="com.neotys.REQUEST.PerRun.BrowserUser_Create_report">
			<failure type="NeoLoad SLA" message="SLA failed">Container: /media/img/themeroller/ui-icons_454545_256x240.png&lt;br/&gt;Path: User Paths &gt; BrowserUser_Create_report &gt; Init &gt; /reports &gt; /media/img/themeroller/ui-icons_454545_256x240.png&lt;br/&gt;Virtual User: BrowserUser_Create_report&lt;br/&gt;SLA Profile: REQUEST&lt;br/&gt;SLA Type: Per Run&lt;br/&gt;WARNING Type: avg-request-resp-time&lt;br/&gt;Project: Sample_Project&lt;br/&gt;Scenario: WANImpact Local&lt;br/&gt;&lt;br/&gt;WARNING&lt;br/&gt;description: if the avg-request-resp-time   then fail&lt;br/&gt;&lt;br/&gt;Results: &lt;br/&gt;&lt;br/&gt;avg-request-resp-time=0.12423377%&lt;br/&gt;&lt;br/&gt;Created N/A&lt;br/&gt;</failure>
		</testcase>
	</testsuite>
	<testsuite name="com.neotys.REQUEST.PerRun.BrowserUser_Create_report" disabled="0" failures="1" errors="0" skipped="0" time="0" tests="1">
		<testcase name="avg-request-per-sec" classname="com.neotys.REQUEST.PerRun.BrowserUser_Create_report">
			<failure type="NeoLoad SLA" message="SLA failed">Container: /media/uploads/default_map_all_1437742499_m.png&lt;br/&gt;Path: User Paths &gt; BrowserUser_Create_report &gt; Init &gt; / &gt; /media/uploads/default_map_all_1437742499_m.png&lt;br/&gt;Virtual User: BrowserUser_Create_report&lt;br/&gt;SLA Profile: REQUEST&lt;br/&gt;SLA Type: Per Run&lt;br/&gt;WARNING Type: avg-request-per-sec&lt;br/&gt;Project: Sample_Project&lt;br/&gt;Scenario: WANImpact Local&lt;br/&gt;&lt;br/&gt;WARNING&lt;br/&gt;description: if the avg-request-per-sec   then fail&lt;br/&gt;&lt;br/&gt;Results: &lt;br/&gt;&lt;br/&gt;avg-request-per-sec=4.0937514%&lt;br/&gt;&lt;br/&gt;Created N/A&lt;br/&gt;</failure>
		</testcase>
	</testsuite>
	<testsuite name="com.neotys.REQUEST.PerRun.BrowserUser_Create_report" disabled="0" failures="1" errors="0" skipped="0" time="0" tests="1">
		<testcase name="avg-request-resp-time" classname="com.neotys.REQUEST.PerRun.BrowserUser_Create_report">
			<failure type="NeoLoad SLA" message="SLA failed">Container: /media/uploads/default_map_all_1437742499_m.png&lt;br/&gt;Path: User Paths &gt; BrowserUser_Create_report &gt; Init &gt; / &gt; /media/uploads/default_map_all_1437742499_m.png&lt;br/&gt;Virtual User: BrowserUser_Create_report&lt;br/&gt;SLA Profile: REQUEST&lt;br/&gt;SLA Type: Per Run&lt;br/&gt;WARNING Type: avg-request-resp-time&lt;br/&gt;Project: Sample_Project&lt;br/&gt;Scenario: WANImpact Local&lt;br/&gt;&lt;br/&gt;WARNING&lt;br/&gt;description: if the avg-request-resp-time   then fail&lt;br/&gt;&lt;br/&gt;Results: &lt;br/&gt;&lt;br/&gt;avg-request-resp-time=0.24427472%&lt;br/&gt;&lt;br/&gt;Created N/A&lt;br/&gt;</failure>
		</testcase>
	</testsuite>
	<testsuite name="com.neotys.REQUEST.PerRun.BrowserUser_Create_report" disabled="0" failures="1" errors="0" skipped="0" time="0" tests="1">
		<testcase name="avg-request-per-sec" classname="com.neotys.REQUEST.PerRun.BrowserUser_Create_report">
			<failure type="NeoLoad SLA" message="SLA failed">Container: /themes/default/images/icons/tick-button.png&lt;br/&gt;Path: User Paths &gt; BrowserUser_Create_report &gt; Init &gt; /reports &gt; /themes/default/images/icons/tick-button.png&lt;br/&gt;Virtual User: BrowserUser_Create_report&lt;br/&gt;SLA Profile: REQUEST&lt;br/&gt;SLA Type: Per Run&lt;br/&gt;WARNING Type: avg-request-per-sec&lt;br/&gt;Project: Sample_Project&lt;br/&gt;Scenario: WANImpact Local&lt;br/&gt;&lt;br/&gt;WARNING&lt;br/&gt;description: if the avg-request-per-sec   then fail&lt;br/&gt;&lt;br/&gt;Results: &lt;br/&gt;&lt;br/&gt;avg-request-per-sec=12.046308%&lt;br/&gt;&lt;br/&gt;Created N/A&lt;br/&gt;</failure>
		</testcase>
	</testsuite>
	<testsuite name="com.neotys.REQUEST.PerRun.BrowserUser_Create_report" disabled="0" failures="1" errors="0" skipped="0" time="0" tests="1">
		<testcase name="avg-request-per-sec" classname="com.neotys.REQUEST.PerRun.BrowserUser_Create_report">
			<failure type="NeoLoad SLA" message="SLA failed">Container: /media/js/ushahidi.js&lt;br/&gt;Path: User Paths &gt; BrowserUser_Create_report &gt; Init &gt; / &gt; /media/js/ushahidi.js&lt;br/&gt;Virtual User: BrowserUser_Create_report&lt;br/&gt;SLA Profile: REQUEST&lt;br/&gt;SLA Type: Per Run&lt;br/&gt;WARNING Type: avg-request-per-sec&lt;br/&gt;Project: Sample_Project&lt;br/&gt;Scenario: WANImpact Local&lt;br/&gt;&lt;br/&gt;WARNING&lt;br/&gt;description: if the avg-request-per-sec   then fail&lt;br/&gt;&lt;br/&gt;Results: &lt;br/&gt;&lt;br/&gt;avg-request-per-sec=4.0399556%&lt;br/&gt;&lt;br/&gt;Created N/A&lt;br/&gt;</failure>
		</testcase>
	</testsuite>
	<testsuite name="com.neotys.REQUEST.PerRun.BrowserUser_Create_report" disabled="0" failures="1" errors="0" skipped="0" time="0" tests="1">
		<testcase name="avg-request-resp-time" classname="com.neotys.REQUEST.PerRun.BrowserUser_Create_report">
			<failure type="NeoLoad SLA" message="SLA failed">Container: /media/js/ushahidi.js&lt;br/&gt;Path: User Paths &gt; BrowserUser_Create_report &gt; Init &gt; / &gt; /media/js/ushahidi.js&lt;br/&gt;Virtual User: BrowserUser_Create_report&lt;br/&gt;SLA Profile: REQUEST&lt;br/&gt;SLA Type: Per Run&lt;br/&gt;WARNING Type: avg-request-resp-time&lt;br/&gt;Project: Sample_Project&lt;br/&gt;Scenario: WANImpact Local&lt;br/&gt;&lt;br/&gt;WARNING&lt;br/&gt;description: if the avg-request-resp-time   then fail&lt;br/&gt;&lt;br/&gt;Results: &lt;br/&gt;&lt;br/&gt;avg-request-resp-time=0.24752747%&lt;br/&gt;&lt;br/&gt;Created N/A&lt;br/&gt;</failure>
		</testcase>
	</testsuite>
	<testsuite name="com.neotys.REQUEST.PerRun.BrowserUser_Create_report" disabled="0" failures="1" errors="0" skipped="0" time="0" tests="1">
		<testcase name="avg-request-per-sec" classname="com.neotys.REQUEST.PerRun.BrowserUser_Create_report">
			<failure type="NeoLoad SLA" message="SLA failed">Container: /media/js/colorpicker.js&lt;br/&gt;Path: User Paths &gt; BrowserUser_Create_report &gt; Init &gt; /reports/submit &gt; /media/js/colorpicker.js&lt;br/&gt;Virtual User: BrowserUser_Create_report&lt;br/&gt;SLA Profile: REQUEST&lt;br/&gt;SLA Type: Per Run&lt;br/&gt;WARNING Type: avg-request-per-sec&lt;br/&gt;Project: Sample_Project&lt;br/&gt;Scenario: WANImpact Local&lt;br/&gt;&lt;br/&gt;WARNING&lt;br/&gt;description: if the avg-request-per-sec   then fail&lt;br/&gt;&lt;br/&gt;Results: &lt;br/&gt;&lt;br/&gt;avg-request-per-sec=18.447018%&lt;br/&gt;&lt;br/&gt;Created N/A&lt;br/&gt;</failure>
		</testcase>
	</testsuite>
	<testsuite name="com.neotys.REQUEST.PerRun.BrowserUser_Create_report" disabled="0" failures="1" errors="0" skipped="0" time="0" tests="1">
		<testcase name="avg-request-per-sec" classname="com.neotys.REQUEST.PerRun.BrowserUser_Create_report">
			<failure type="NeoLoad SLA" message="SLA failed">Container: /themes/default/css/accordion.css&lt;br/&gt;Path: User Paths &gt; BrowserUser_Create_report &gt; Init &gt; / &gt; /themes/default/css/accordion.css&lt;br/&gt;Virtual User: BrowserUser_Create_report&lt;br/&gt;SLA Profile: REQUEST&lt;br/&gt;SLA Type: Per Run&lt;br/&gt;WARNING Type: avg-request-per-sec&lt;br/&gt;Project: Sample_Project&lt;br/&gt;Scenario: WANImpact Local&lt;br/&gt;&lt;br/&gt;WARNING&lt;br/&gt;description: if the avg-request-per-sec   then fail&lt;br/&gt;&lt;br/&gt;Results: &lt;br/&gt;&lt;br/&gt;avg-request-per-sec=24.621212%&lt;br/&gt;&lt;br/&gt;Created N/A&lt;br/&gt;</failure>
		</testcase>
	</testsuite>
	<testsuite name="com.neotys.REQUEST.PerRun.BrowserUser_Create_report" disabled="0" failures="1" errors="0" skipped="0" time="0" tests="1">
		<testcase name="avg-request-per-sec" classname="com.neotys.REQUEST.PerRun.BrowserUser_Create_report">
			<failure type="NeoLoad SLA" message="SLA failed">Container: /themes/default/css/style.css&lt;br/&gt;Path: User Paths &gt; BrowserUser_Create_report &gt; Init &gt; / &gt; /themes/default/css/style.css&lt;br/&gt;Virtual User: BrowserUser_Create_report&lt;br/&gt;SLA Profile: REQUEST&lt;br/&gt;SLA Type: Per Run&lt;br/&gt;WARNING Type: avg-request-per-sec&lt;br/&gt;Project: Sample_Project&lt;br/&gt;Scenario: WANImpact Local&lt;br/&gt;&lt;br/&gt;WARNING&lt;br/&gt;description: if the avg-request-per-sec   then fail&lt;br/&gt;&lt;br/&gt;Results: &lt;br/&gt;&lt;br/&gt;avg-request-per-sec=22.41594%&lt;br/&gt;&lt;br/&gt;Created N/A&lt;br/&gt;</failure>
		</testcase>
	</testsuite>
	<testsuite name="com.neotys.REQUEST.PerRun.BrowserUser_Create_report" disabled="0" failures="1" errors="0" skipped="0" time="0" tests="1">
		<testcase name="avg-request-per-sec" classname="com.neotys.REQUEST.PerRun.BrowserUser_Create_report">
			<failure type="NeoLoad SLA" message="SLA failed">Container: /themes/default/images/tooltip-arrow.png&lt;br/&gt;Path: User Paths &gt; BrowserUser_Create_report &gt; Init &gt; /reports &gt; /themes/default/images/tooltip-arrow.png&lt;br/&gt;Virtual User: BrowserUser_Create_report&lt;br/&gt;SLA Profile: REQUEST&lt;br/&gt;SLA Type: Per Run&lt;br/&gt;WARNING Type: avg-request-per-sec&lt;br/&gt;Project: Sample_Project&lt;br/&gt;Scenario: WANImpact Local&lt;br/&gt;&lt;br/&gt;WARNING&lt;br/&gt;description: if the avg-request-per-sec   then fail&lt;br/&gt;&lt;br/&gt;Results: &lt;br/&gt;&lt;br/&gt;avg-request-per-sec=24.467747%&lt;br/&gt;&lt;br/&gt;Created N/A&lt;br/&gt;</failure>
		</testcase>
	</testsuite>
	<testsuite name="com.neotys.PAGE.PerRun.BrowserUser_Create_report" disabled="0" failures="1" errors="0" skipped="0" time="0" tests="1">
		<testcase name="avg-page-resp-time" classname="com.neotys.PAGE.PerRun.BrowserUser_Create_report">
			<failure type="NeoLoad SLA" message="SLA failed">Container: /themes/default/images/page-bg.jpg&lt;br/&gt;Path: User Paths &gt; BrowserUser_Create_report &gt; Init &gt; Home &gt; /themes/default/images/page-bg.jpg&lt;br/&gt;Virtual User: BrowserUser_Create_report&lt;br/&gt;SLA Profile: PAGE&lt;br/&gt;SLA Type: Per Run&lt;br/&gt;WARNING Type: avg-page-resp-time&lt;br/&gt;Project: Sample_Project&lt;br/&gt;Scenario: WANImpact Local&lt;br/&gt;&lt;br/&gt;WARNING&lt;br/&gt;description: if the avg-page-resp-time   then fail&lt;br/&gt;&lt;br/&gt;Results: &lt;br/&gt;&lt;br/&gt;avg-page-resp-time=0.60102224%&lt;br/&gt;&lt;br/&gt;Created N/A&lt;br/&gt;</failure>
		</testcase>
	</testsuite>
	<testsuite name="com.neotys.REQUEST.PerRun.BrowserUser_Create_report" disabled="0" failures="1" errors="0" skipped="0" time="0" tests="1">
		<testcase name="avg-request-per-sec" classname="com.neotys.REQUEST.PerRun.BrowserUser_Create_report">
			<failure type="NeoLoad SLA" message="SLA failed">Container: /media/img/icon_sprite.png&lt;br/&gt;Path: User Paths &gt; BrowserUser_Create_report &gt; Init &gt; /reports &gt; /media/img/icon_sprite.png&lt;br/&gt;Virtual User: BrowserUser_Create_report&lt;br/&gt;SLA Profile: REQUEST&lt;br/&gt;SLA Type: Per Run&lt;br/&gt;WARNING Type: avg-request-per-sec&lt;br/&gt;Project: Sample_Project&lt;br/&gt;Scenario: WANImpact Local&lt;br/&gt;&lt;br/&gt;WARNING&lt;br/&gt;description: if the avg-request-per-sec   then fail&lt;br/&gt;&lt;br/&gt;Results: &lt;br/&gt;&lt;br/&gt;avg-request-per-sec=12.106918%&lt;br/&gt;&lt;br/&gt;Created N/A&lt;br/&gt;</failure>
		</testcase>
	</testsuite>
	<testsuite name="com.neotys.REQUEST.PerRun.BrowserUser_Create_report" disabled="0" failures="1" errors="0" skipped="0" time="0" tests="1">
		<testcase name="avg-request-per-sec" classname="com.neotys.REQUEST.PerRun.BrowserUser_Create_report">
			<failure type="NeoLoad SLA" message="SLA failed">Container: /json/cluster&lt;br/&gt;Path: User Paths &gt; BrowserUser_Create_report &gt; Init &gt; /themes/default/images/page-bg.jpg &gt; /json/cluster&lt;br/&gt;Virtual User: BrowserUser_Create_report&lt;br/&gt;SLA Profile: REQUEST&lt;br/&gt;SLA Type: Per Run&lt;br/&gt;WARNING Type: avg-request-per-sec&lt;br/&gt;Project: Sample_Project&lt;br/&gt;Scenario: WANImpact Local&lt;br/&gt;&lt;br/&gt;WARNING&lt;br/&gt;description: if the avg-request-per-sec   then fail&lt;br/&gt;&lt;br/&gt;Results: &lt;br/&gt;&lt;br/&gt;avg-request-per-sec=9.776233%&lt;br/&gt;&lt;br/&gt;Created N/A&lt;br/&gt;</failure>
		</testcase>
	</testsuite>
	<testsuite name="com.neotys.REQUEST.PerRun.BrowserUser_Create_report" disabled="0" failures="1" errors="0" skipped="0" time="0" tests="1">
		<testcase name="avg-request-resp-time" classname="com.neotys.REQUEST.PerRun.BrowserUser_Create_report">
			<failure type="NeoLoad SLA" message="SLA failed">Container: /json/cluster&lt;br/&gt;Path: User Paths &gt; BrowserUser_Create_report &gt; Init &gt; /themes/default/images/page-bg.jpg &gt; /json/cluster&lt;br/&gt;Virtual User: BrowserUser_Create_report&lt;br/&gt;SLA Profile: REQUEST&lt;br/&gt;SLA Type: Per Run&lt;br/&gt;WARNING Type: avg-request-resp-time&lt;br/&gt;Project: Sample_Project&lt;br/&gt;Scenario: WANImpact Local&lt;br/&gt;&lt;br/&gt;WARNING&lt;br/&gt;description: if the avg-request-resp-time   then fail&lt;br/&gt;&lt;br/&gt;Results: &lt;br/&gt;&lt;br/&gt;avg-request-resp-time=0.10228889%&lt;br/&gt;&lt;br/&gt;Created N/A&lt;br/&gt;</failure>
		</testcase>
	</testsuite>
	<testsuite name="com.neotys.REQUEST.PerRun.BrowserUser_Create_report" disabled="0" failures="1" errors="0" skipped="0" time="0" tests="1">
		<testcase name="avg-request-per-sec" classname="com.neotys.REQUEST.PerRun.BrowserUser_Create_report">
[...]
	<testsuite name="com.neotys.REQUEST.PerInterval.BrowserUser_Create_report" disabled="0" failures="0" errors="0" skipped="0" time="0" tests="1">
		<testcase name="error-rate" classname="com.neotys.REQUEST.PerInterval.BrowserUser_Create_report"/>
	</testsuite>
	<testsuite name="com.neotys.REQUEST.PerInterval.BrowserUser_Create_report" disabled="0" failures="0" errors="0" skipped="0" time="0" tests="1">
		<testcase name="error-rate" classname="com.neotys.REQUEST.PerInterval.BrowserUser_Create_report"/>
	</testsuite>
	<testsuite name="com.neotys.REQUEST.PerInterval.BrowserUser_Create_report" disabled="0" failures="0" errors="0" skipped="0" time="0" tests="1">
		<testcase name="error-rate" classname="com.neotys.REQUEST.PerInterval.BrowserUser_Create_report"/>
	</testsuite>
	<testsuite name="com.neotys.REQUEST.PerInterval.BrowserUser_Create_report" disabled="0" failures="0" errors="0" skipped="0" time="0" tests="1">
		<testcase name="error-rate" classname="com.neotys.REQUEST.PerInterval.BrowserUser_Create_report"/>
	</testsuite>
	<testsuite name="com.neotys.REQUEST.PerInterval.BrowserUser_Create_report" disabled="0" failures="0" errors="0" skipped="0" time="0" tests="1">
		<testcase name="error-rate" classname="com.neotys.REQUEST.PerInterval.BrowserUser_Create_report"/>
	</testsuite>
	<testsuite name="com.neotys.REQUEST.PerInterval.BrowserUser_Create_report" disabled="0" failures="0" errors="0" skipped="0" time="0" tests="1">
		<testcase name="error-rate" classname="com.neotys.REQUEST.PerInterval.BrowserUser_Create_report"/>
	</testsuite>
	<testsuite name="com.neotys.REQUEST.PerInterval.BrowserUser_Create_report" disabled="0" failures="0" errors="0" skipped="0" time="0" tests="1">
		<testcase name="error-rate" classname="com.neotys.REQUEST.PerInterval.BrowserUser_Create_report"/>
	</testsuite>
	<testsuite name="com.neotys.REQUEST.PerInterval.BrowserUser_Create_report" disabled="0" failures="0" errors="0" skipped="0" time="0" tests="1">
		<testcase name="error-rate" classname="com.neotys.REQUEST.PerInterval.BrowserUser_Create_report"/>
	</testsuite>
	<testsuite name="com.neotys.REQUEST.PerInterval.BrowserUser_Create_report" disabled="0" failures="0" errors="0" skipped="0" time="0" tests="1">
		<testcase name="error-rate" classname="com.neotys.REQUEST.PerInterval.BrowserUser_Create_report"/>
	</testsuite>
	<testsuite name="com.neotys.REQUEST.PerInterval.BrowserUser_Create_report" disabled="0" failures="0" errors="0" skipped="0" time="0" tests="1">
		<testcase name="error-rate" classname="com.neotys.REQUEST.PerInterval.BrowserUser_Create_report"/>
	</testsuite>
	<testsuite name="com.neotys.REQUEST.PerInterval.BrowserUser_Create_report" disabled="0" failures="0" errors="0" skipped="0" time="0" tests="1">
		<testcase name="error-rate" classname="com.neotys.REQUEST.PerInterval.BrowserUser_Create_report"/>
	</testsuite>
	<testsuite name="com.neotys.REQUEST.PerInterval.BrowserUser_Create_report" disabled="0" failures="0" errors="0" skipped="0" time="0" tests="1">
		<testcase name="error-rate" classname="com.neotys.REQUEST.PerInterval.BrowserUser_Create_report"/>
	</testsuite>
	<testsuite name="com.neotys.PAGE.PerInterval.MyiPhoneUser_Create_report" disabled="0" failures="0" errors="0" skipped="0" time="0" tests="1">
		<testcase name="error-rate" classname="com.neotys.PAGE.PerInterval.MyiPhoneUser_Create_report"/>
	</testsuite>
	<testsuite name="com.neotys.REQUEST.PerInterval.BrowserUser_Create_report" disabled="0" failures="0" errors="0" skipped="0" time="0" tests="1">
		<testcase name="error-rate" classname="com.neotys.REQUEST.PerInterval.BrowserUser_Create_report"/>
	</testsuite>
	<testsuite name="com.neotys.REQUEST.PerInterval.BrowserUser_Create_report" disabled="0" failures="0" errors="0" skipped="0" time="0" tests="1">
		<testcase name="error-rate" classname="com.neotys.REQUEST.PerInterval.BrowserUser_Create_report"/>
	</testsuite>
	<testsuite name="com.neotys.REQUEST.PerInterval.BrowserUser_Create_report" disabled="0" failures="0" errors="0" skipped="0" time="0" tests="1">
		<testcase name="error-rate" classname="com.neotys.REQUEST.PerInterval.BrowserUser_Create_report"/>
	</testsuite>
	<testsuite name="com.neotys.REQUEST.PerInterval.BrowserUser_Create_report" disabled="0" failures="0" errors="0" skipped="0" time="0" tests="1">
		<testcase name="error-rate" classname="com.neotys.REQUEST.PerInterval.BrowserUser_Create_report"/>
	</testsuite>
	<testsuite name="com.neotys.REQUEST.PerInterval.BrowserUser_Create_report" disabled="0" failures="0" errors="0" skipped="0" time="0" tests="1">
		<testcase name="error-rate" classname="com.neotys.REQUEST.PerInterval.BrowserUser_Create_report"/>
	</testsuite>
	<testsuite name="com.neotys.REQUEST.PerInterval.BrowserUser_Create_report" disabled="0" failures="0" errors="0" skipped="0" time="0" tests="1">
		<testcase name="error-rate" classname="com.neotys.REQUEST.PerInterval.BrowserUser_Create_report"/>
	</testsuite>
	<testsuite name="com.neotys.REQUEST.PerInterval.BrowserUser_Create_report" disabled="0" failures="0" errors="0" skipped="0" time="0" tests="1">
		<testcase name="error-rate" classname="com.neotys.REQUEST.PerInterval.BrowserUser_Create_report"/>
	</testsuite>
	<testsuite name="com.neotys.REQUEST.PerInterval.BrowserUser_Create_report" disabled="0" failures="0" errors="0" skipped="0" time="0" tests="1">
		<testcase name="error-rate" classname="com.neotys.REQUEST.PerInterval.BrowserUser_Create_report"/>
	</testsuite>
	<testsuite name="com.neotys.REQUEST.PerInterval.BrowserUser_Create_report" disabled="0" failures="0" errors="0" skipped="0" time="0" tests="1">
		<testcase name="error-rate" classname="com.neotys.REQUEST.PerInterval.BrowserUser_Create_report"/>
	</testsuite>
	<testsuite name="com.neotys.REQUEST.PerInterval.BrowserUser_Create_report" disabled="0" failures="0" errors="0" skipped="0" time="0" tests="1">
		<testcase name="error-rate" classname="com.neotys.REQUEST.PerInterval.BrowserUser_Create_report"/>
	</testsuite>
	<testsuite name="com.neotys.TRANSACTION.PerInterval.BrowserUser_Create_report" disabled="0" failures="0" errors="0" skipped="0" time="0" tests="1">
		<testcase name="error-rate" classname="com.neotys.TRANSACTION.PerInterval.BrowserUser_Create_report"/>
	</testsuite>
	<testsuite name="com.neotys.REQUEST.PerInterval.BrowserUser_Create_report" disabled="0" failures="0" errors="0" skipped="0" time="0" tests="1">
		<testcase name="error-rate" classname="com.neotys.REQUEST.PerInterval.BrowserUser_Create_report"/>
	</testsuite>
	<testsuite name="com.neotys.REQUEST.PerInterval.BrowserUser_Create_report" disabled="0" failures="0" errors="0" skipped="0" time="0" tests="1">
		<testcase name="error-rate" classname="com.neotys.REQUEST.PerInterval.BrowserUser_Create_report"/>
	</testsuite>
	<testsuite name="com.neotys.REQUEST.PerInterval.BrowserUser_Create_report" disabled="0" failures="0" errors="0" skipped="0" time="0" tests="1">
		<testcase name="error-rate" classname="com.neotys.REQUEST.PerInterval.BrowserUser_Create_report"/>
	</testsuite>
	<testsuite name="com.neotys.REQUEST.PerInterval.BrowserUser_Create_report" disabled="0" failures="0" errors="0" skipped="0" time="0" tests="1">
		<testcase name="error-rate" classname="com.neotys.REQUEST.PerInterval.BrowserUser_Create_report"/>
	</testsuite>
	<testsuite name="com.neotys.REQUEST.PerInterval.BrowserUser_Create_report" disabled="0" failures="0" errors="0" skipped="0" time="0" tests="1">
		<testcase name="error-rate" classname="com.neotys.REQUEST.PerInterval.BrowserUser_Create_report"/>
	</testsuite>
	<testsuite name="com.neotys.REQUEST.PerInterval.BrowserUser_Create_report" disabled="0" failures="0" errors="0" skipped="0" time="0" tests="1">
		<testcase name="error-rate" classname="com.neotys.REQUEST.PerInterval.BrowserUser_Create_report"/>
	</testsuite>
	<testsuite name="com.neotys.REQUEST.PerInterval.BrowserUser_Create_report" disabled="0" failures="0" errors="0" skipped="0" time="0" tests="1">
		<testcase name="error-rate" classname="com.neotys.REQUEST.PerInterval.BrowserUser_Create_report"/>
	</testsuite>
	<testsuite name="com.neotys.REQUEST.PerInterval.BrowserUser_Create_report" disabled="0" failures="0" errors="0" skipped="0" time="0" tests="1">
		<testcase name="error-rate" classname="com.neotys.REQUEST.PerInterval.BrowserUser_Create_report"/>
	</testsuite>
	<testsuite name="com.neotys.PAGE.PerInterval.BrowserUser_Create_report" disabled="0" failures="0" errors="0" skipped="0" time="0" tests="1">
		<testcase name="error-rate" classname="com.neotys.PAGE.PerInterval.BrowserUser_Create_report"/>
	</testsuite>
	<testsuite name="com.neotys.REQUEST.PerInterval.BrowserUser_Create_report" disabled="0" failures="0" errors="0" skipped="0" time="0" tests="1">
		<testcase name="error-rate" classname="com.neotys.REQUEST.PerInterval.BrowserUser_Create_report"/>
	</testsuite>
	<testsuite name="com.neotys.REQUEST.PerInterval.BrowserUser_Create_report" disabled="0" failures="0" errors="0" skipped="0" time="0" tests="1">
		<testcase name="error-rate" classname="com.neotys.REQUEST.PerInterval.BrowserUser_Create_report"/>
	</testsuite>
	<testsuite name="com.neotys.PAGE.PerInterval.BrowserUser_Create_report" disabled="0" failures="0" errors="0" skipped="0" time="0" tests="1">
		<testcase name="error-rate" classname="com.neotys.PAGE.PerInterval.BrowserUser_Create_report"/>
	</testsuite>
	<testsuite name="com.neotys.REQUEST.PerInterval.BrowserUser_Create_report" disabled="0" failures="0" errors="0" skipped="0" time="0" tests="1">
		<testcase name="error-rate" classname="com.neotys.REQUEST.PerInterval.BrowserUser_Create_report"/>
	</testsuite>
	<testsuite name="com.neotys.REQUEST.PerInterval.BrowserUser_Create_report" disabled="0" failures="0" errors="0" skipped="0" time="0" tests="1">
		<testcase name="error-rate" classname="com.neotys.REQUEST.PerInterval.BrowserUser_Create_report"/>
	</testsuite>
	<testsuite name="com.neotys.REQUEST.PerInterval.BrowserUser_Create_report" disabled="0" failures="0" errors="0" skipped="0" time="0" tests="1">
		<testcase name="avg-resp-time" classname="com.neotys.REQUEST.PerInterval.BrowserUser_Create_report"/>
	</testsuite>
	<testsuite name="com.neotys.REQUEST.PerInterval.BrowserUser_Create_report" disabled="0" failures="0" errors="0" skipped="0" time="0" tests="1">
		<testcase name="error-rate" classname="com.neotys.REQUEST.PerInterval.BrowserUser_Create_report"/>
	</testsuite>
	<testsuite name="com.neotys.REQUEST.PerInterval.BrowserUser_Create_report" disabled="0" failures="0" errors="0" skipped="0" time="0" tests="1">
		<testcase name="error-rate" classname="com.neotys.REQUEST.PerInterval.BrowserUser_Create_report"/>
	</testsuite>
	<testsuite name="com.neotys.REQUEST.PerInterval.BrowserUser_Create_report" disabled="0" failures="0" errors="0" skipped="0" time="0" tests="1">
		<testcase name="error-rate" classname="com.neotys.REQUEST.PerInterval.BrowserUser_Create_report"/>
	</testsuite>
	<testsuite name="com.neotys.REQUEST.PerInterval.BrowserUser_Create_report" disabled="0" failures="0" errors="0" skipped="0" time="0" tests="1">
		<testcase name="error-rate" classname="com.neotys.REQUEST.PerInterval.BrowserUser_Create_report"/>
	</testsuite>
	<testsuite name="com.neotys.REQUEST.PerInterval.BrowserUser_Create_report" disabled="0" failures="0" errors="0" skipped="0" time="0" tests="1">
		<testcase name="error-rate" classname="com.neotys.REQUEST.PerInterval.BrowserUser_Create_report"/>
	</testsuite>
	<testsuite name="com.neotys.REQUEST.PerInterval.BrowserUser_Create_report" disabled="0" failures="0" errors="0" skipped="0" time="0" tests="1">
		<testcase name="error-rate" classname="com.neotys.REQUEST.PerInterval.BrowserUser_Create_report"/>
	</testsuite>
	<testsuite name="com.neotys.REQUEST.PerInterval.BrowserUser_Create_report" disabled="0" failures="0" errors="0" skipped="0" time="0" tests="1">
		<testcase name="error-rate" classname="com.neotys.REQUEST.PerInterval.BrowserUser_Create_report"/>
	</testsuite>
	<testsuite name="com.neotys.REQUEST.PerInterval.BrowserUser_Create_report" disabled="0" failures="0" errors="0" skipped="0" time="0" tests="1">
		<testcase name="error-rate" classname="com.neotys.REQUEST.PerInterval.BrowserUser_Create_report"/>
	</testsuite>
	<testsuite name="com.neotys.REQUEST.PerInterval.BrowserUser_Create_report" disabled="0" failures="0" errors="0" skipped="0" time="0" tests="1">
		<testcase name="error-rate" classname="com.neotys.REQUEST.PerInterval.BrowserUser_Create_report"/>
	</testsuite>
	<testsuite name="com.neotys.REQUEST.PerInterval.BrowserUser_Create_report" disabled="0" failures="0" errors="0" skipped="0" time="0" tests="1">
		<testcase name="error-rate" classname="com.neotys.REQUEST.PerInterval.BrowserUser_Create_report"/>
	</testsuite>
	<testsuite name="com.neotys.REQUEST.PerInterval.BrowserUser_Create_report" disabled="0" failures="0" errors="0" skipped="0" time="0" tests="1">
		<testcase name="error-rate" classname="com.neotys.REQUEST.PerInterval.BrowserUser_Create_report"/>
	</testsuite>
	<testsuite name="com.neotys.REQUEST.PerInterval.BrowserUser_Create_report" disabled="0" failures="0" errors="0" skipped="0" time="0" tests="1">
		<testcase name="error-rate" classname="com.neotys.REQUEST.PerInterval.BrowserUser_Create_report"/>
	</testsuite>
	<testsuite name="com.neotys.REQUEST.PerInterval.BrowserUser_Create_report" disabled="0" failures="0" errors="0" skipped="0" time="0" tests="1">
		<testcase name="error-rate" classname="com.neotys.REQUEST.PerInterval.BrowserUser_Create_report"/>
	</testsuite>
	<testsuite name="com.neotys.REQUEST.PerInterval.BrowserUser_Create_report" disabled="0" failures="0" errors="0" skipped="0" time="0" tests="1">
		<testcase name="error-rate" classname="com.neotys.REQUEST.PerInterval.BrowserUser_Create_report"/>
	</testsuite>
	<testsuite name="com.neotys.REQUEST.PerInterval.BrowserUser_Create_report" disabled="0" failures="0" errors="0" skipped="0" time="0" tests="1">
		<testcase name="error-rate" classname="com.neotys.REQUEST.PerInterval.BrowserUser_Create_report"/>
	</testsuite>
	<testsuite name="com.neotys.REQUEST.PerInterval.BrowserUser_Create_report" disabled="0" failures="0" errors="0" skipped="0" time="0" tests="1">
		<testcase name="error-rate" classname="com.neotys.REQUEST.PerInterval.BrowserUser_Create_report"/>
	</testsuite>
	<testsuite name="com.neotys.REQUEST.PerInterval.BrowserUser_Create_report" disabled="0" failures="0" errors="0" skipped="0" time="0" tests="1">
		<testcase name="error-rate" classname="com.neotys.REQUEST.PerInterval.BrowserUser_Create_report"/>
	</testsuite>
	<testsuite name="com.neotys.REQUEST.PerInterval.BrowserUser_Create_report" disabled="0" failures="0" errors="0" skipped="0" time="0" tests="1">
		<testcase name="error-rate" classname="com.neotys.REQUEST.PerInterval.BrowserUser_Create_report"/>
	</testsuite>
	<testsuite name="com.neotys.REQUEST.PerInterval.BrowserUser_Create_report" disabled="0" failures="0" errors="0" skipped="0" time="0" tests="1">
		<testcase name="error-rate" classname="com.neotys.REQUEST.PerInterval.BrowserUser_Create_report"/>
	</testsuite>
	<testsuite name="com.neotys.PAGE.PerInterval.BrowserUser_Create_report" disabled="0" failures="0" errors="0" skipped="0" time="0" tests="1">
		<testcase name="error-rate" classname="com.neotys.PAGE.PerInterval.BrowserUser_Create_report"/>
	</testsuite>
	<testsuite name="com.neotys.REQUEST.PerInterval.BrowserUser_Create_report" disabled="0" failures="0" errors="0" skipped="0" time="0" tests="1">
		<testcase name="error-rate" classname="com.neotys.REQUEST.PerInterval.BrowserUser_Create_report"/>
	</testsuite>
	<testsuite name="com.neotys.REQUEST.PerInterval.BrowserUser_Create_report" disabled="0" failures="0" errors="0" skipped="0" time="0" tests="1">
		<testcase name="error-rate" classname="com.neotys.REQUEST.PerInterval.BrowserUser_Create_report"/>
	</testsuite>
	<testsuite name="com.neotys.REQUEST.PerInterval.MyiPhoneUser_Create_report" disabled="0" failures="0" errors="0" skipped="0" time="0" tests="1">
		<testcase name="error-rate" classname="com.neotys.REQUEST.PerInterval.MyiPhoneUser_Create_report"/>
	</testsuite>
	<testsuite name="com.neotys.REQUEST.PerInterval.BrowserUser_Create_report" disabled="0" failures="0" errors="0" skipped="0" time="0" tests="1">
		<testcase name="error-rate" classname="com.neotys.REQUEST.PerInterval.BrowserUser_Create_report"/>
	</testsuite>
	<testsuite name="com.neotys.REQUEST.PerInterval.BrowserUser_Create_report" disabled="0" failures="0" errors="0" skipped="0" time="0" tests="1">
		<testcase name="error-rate" classname="com.neotys.REQUEST.PerInterval.BrowserUser_Create_report"/>
	</testsuite>
	<testsuite name="com.neotys.REQUEST.PerInterval.BrowserUser_Create_report" disabled="0" failures="0" errors="0" skipped="0" time="0" tests="1">
		<testcase name="error-rate" classname="com.neotys.REQUEST.PerInterval.BrowserUser_Create_report"/>
	</testsuite>
	<testsuite name="com.neotys.PAGE.PerInterval.BrowserUser_Create_report" disabled="0" failures="0" errors="0" skipped="0" time="0" tests="1">
		<testcase name="error-rate" classname="com.neotys.PAGE.PerInterval.BrowserUser_Create_report"/>
	</testsuite>
	<testsuite name="com.neotys.REQUEST.PerInterval.BrowserUser_Create_report" disabled="0" failures="0" errors="0" skipped="0" time="0" tests="1">
		<testcase name="error-rate" classname="com.neotys.REQUEST.PerInterval.BrowserUser_Create_report"/>
	</testsuite>
	<testsuite name="com.neotys.REQUEST.PerInterval.BrowserUser_Create_report" disabled="0" failures="0" errors="0" skipped="0" time="0" tests="1">
		<testcase name="error-rate" classname="com.neotys.REQUEST.PerInterval.BrowserUser_Create_report"/>
	</testsuite>
	<testsuite name="com.neotys.REQUEST.PerInterval.BrowserUser_Create_report" disabled="0" failures="0" errors="0" skipped="0" time="0" tests="1">
		<testcase name="error-rate" classname="com.neotys.REQUEST.PerInterval.BrowserUser_Create_report"/>
	</testsuite>
	<testsuite name="com.neotys.TRANSACTION.PerInterval.BrowserUser_Create_report" disabled="0" failures="0" errors="0" skipped="0" time="0" tests="1">
		<testcase name="error-rate" classname="com.neotys.TRANSACTION.PerInterval.BrowserUser_Create_report"/>
	</testsuite>
	<testsuite name="com.neotys.REQUEST.PerInterval.BrowserUser_Create_report" disabled="0" failures="0" errors="0" skipped="0" time="0" tests="1">
		<testcase name="error-rate" classname="com.neotys.REQUEST.PerInterval.BrowserUser_Create_report"/>
	</testsuite>
	<testsuite name="com.neotys.PAGE.PerInterval.BrowserUser_Create_report" disabled="0" failures="0" errors="0" skipped="0" time="0" tests="1">
		<testcase name="error-rate" classname="com.neotys.PAGE.PerInterval.BrowserUser_Create_report"/>
	</testsuite>
	<testsuite name="com.neotys.REQUEST.PerInterval.BrowserUser_Create_report" disabled="0" failures="0" errors="0" skipped="0" time="0" tests="1">
		<testcase name="error-rate" classname="com.neotys.REQUEST.PerInterval.BrowserUser_Create_report"/>
	</testsuite>
	<testsuite name="com.neotys.REQUEST.PerInterval.BrowserUser_Create_report" disabled="0" failures="0" errors="0" skipped="0" time="0" tests="1">
		<testcase name="error-rate" classname="com.neotys.REQUEST.PerInterval.BrowserUser_Create_report"/>
	</testsuite>
	<testsuite name="com.neotys.REQUEST.PerInterval.BrowserUser_Create_report" disabled="0" failures="0" errors="0" skipped="0" time="0" tests="1">
		<testcase name="error-rate" classname="com.neotys.REQUEST.PerInterval.BrowserUser_Create_report"/>
	</testsuite>
	<testsuite name="com.neotys.REQUEST.PerInterval.BrowserUser_Create_report" disabled="0" failures="0" errors="0" skipped="0" time="0" tests="1">
		<testcase name="error-rate" classname="com.neotys.REQUEST.PerInterval.BrowserUser_Create_report"/>
	</testsuite>
</testsuites>
